[   0.000]Initalin cgrou ssy cpuet[   0.000] Iniializig cgrop bsyspu
[    0.000000] Initializing cgroup subsys cpuacct
[    0.000000] Linux version 4.4.0-116-generic (buildd@gw01md-021 (c ersin 4. 20160 (bunt 5.06unt~1.04. ) #40-UbutuSM MonFe1221:2:0UT 201 (buu 4..016140-geri 4.498
[    0.00000] Cmmd ine:BOOTIMAGE=/boovmnuz-4.4.-116geric oo=LEL=couimrootfsroonoltt consol=tyS
[    0000] KNEsupprt cus:
[    0.000000]   Intel GenuineIntel
[    0.000000]   AMD AuthenticAMD
[    0.0000   Cenau CntauHas
[  .0000]86fpu: xtae_ffse[2] 56, xstteizs[2] 2
[   .0000] x8fp SupportngSAVEfeur 0x0 '7 floain pntregistrs
[   0000] x86fp Spporin XVE feature 0x02: 'SSE registers'
[    0.000000] x86/fpu: Supporting XSAVE feature 0x04: 'AVX registers'
[    0.000000] x86/fpu:Enled sttefeatures 0x7 ctext se  832bys,usin 'anard fmat.
[    0.000000] x86/fpu: Using 'zy FPUcoex swich.
[  .00000e8: BIS-ovded phic RAMma
    0000] BIS-20 [me 000000000000-x000000009bf ubl
[   .00000] IO-e20: emx000000000009fc00--0x00000009fff] serv
    0.000000] BIO-e820: [mem 0x0000000f000-00000000fff] reerd
[   0.000] BOS82: [mem0x00000010000x000007fefff]sale
  .00000BIS-e820:me0x000007ff00-00000007fffffff] ACPI data
[    0.000000] BIOS-e820: [mem 0x00000000fec00000-0x00000000fec00fff] reserv
[    0.000000] BIOS-e820: [mem 0x000000fe000-0x00000000fee0ff] served
[  000000BIS-e820: [mem 0x00000000fffc0000-0x00000000ffffffff] reserved
[    0.000000] NX (Execute Disable) proteion: active
[    0.0000] MBS .5 present.
[    0.000000] Hypervisor detected: KVM
[    0.000000] e820: last_pfn = 0x7fff0 max_arch_pfn = 0x40000
[    0.00] MTRR:Dibled
[  .0000]86/PAT: MTRRs disabled, skipping PAT initialization too.
[    0.00000 C MTRRs all ank - virtualized system.
[    0.000] x86/PAT:Coiguratn -7]:WBWT UC- UC  WB  WT  UC U  
[   .00000 fndSMP -tle at me0x00ff0x0009ff mapedatffff8000fff0
   00000] anni 1reasfolo memy rrupio
[   0.000] AMDISK: [mem 0x3620-03755ff
    0000] CP Erly bl cecksumverifcaion sale
[  00000] ACPI:RS 00000000000000024(v02BO )
  0.00000]ACPI: XSDT 0x000000007F03000C (v01 VBOX   VBOXXSDT 00000001 ASL  00000061)
[    0.000000] ACPI: FACP 0x000000007FFF00F0 0000F4 (v04 VBOX   VBOXFACP 00000001 ASL  00000061)
[   0.000] ACP: DT 0000007FF470021 (2 VB   VBOXBIOS 00000002 INTL 20100528)
[  0.000000] ACPI: FACS 0x000000007FFF0200 000040
[    0.000000] ACPI: FACS 0x000000007FFF0200 000040    .000] AC: IC 0000007FF24 00005(v VBOX   VBOXAPIC 00001 SL  00001)
[   0.000000] ACPI: SSDT 0x000000007FFF02A0 0001CC (v01 VBOX   VBOXCPUT 00000002 INTL 20100528)
[    0.000000] No NUMA configuration found
[    0.000000] Faking a node at [mem 0x0000000000000000-0x000000007ffeffff]
[    0.000000] NODEAT(0) alloat [em 0x7fe000x7fff]
[   .0000] km-clock: Using msrs 4b564d01 and 4b564d00
[    0.000000] kvm-clock: cpu 0, msr 0:7ffe3001, primary cpu clock
[  0000000kvcloc ung sheofset o35280477 cycles
[   0.000000] clocksourc kvmlo: mas: fffffffffffffff max_cycles: 0x1cd42e4dffb, max_idle_ns: 881590591483 ns
[    0.000000] Zoneraes
[    0.000000  A    [mm 0x000000000001000-0x0000000000ffffff]
[    0.000000]   DMA32    [mem 0x0000000001000000-0x000000007ffeffff]
[    0.000000]   Normal   empty
[    0.000000]   Device   empty
[    0.00] Movabl ze tar forac nde[    0.000 Early merynode ranges
[    0.000000]   node   0: [mem 0x0000000000001000-0x000000000009efff]
[    0.000000]   node   0: [mem 0x0000000000100000-0x000000007ffeffff]
[    0.0000 Iitme sup node 0 [mem 0x00000000000-0x00000ffefff]
[    0.000000] ACPI: PM-imr IOort: 04008
  0.0000 IAPC[0]:piid 2 vsin 32ades 0xfc000 GSI0-3[   0.00000] CP: T_SRC_VRbu 0 bs_q  gloalrq2 dfdf
[   0.000] AI:NTSRC_VRbu 0 b_i 9 gob_irq 9 lowlel)
[   00000]Usg CPI MA) or S cfiguatn nforti
[   000000] smpboot: Allowing 2 CPUs, 0 hotplug CPUs
[    0.000000] PM: Registered nosave memory: [mem 0x00000000-0x00000fff]
[    0.000000] PM: Regstere nav memy:[memx0009f000-0x0009fff
[    0.000000] PM: Registered nosave meor: [mem 0x000a0000-0x000ff]
[    0.000000 P Riistered nosave memory: [mem 0x000f0000-0x000fff][    0.0000]e820: [em 0x0000-0xfebfff]vailabe r CI deves
[  000000] Bootingpavitualized kerl  KVM
[   0.000000] clocourcerened-jiffies: mas: fffff m_cycles: 0xffffffffma_idl_n: 7645519600118 s
[  000000]sep_ercp: R_US:52 _cumasbi:512 nr_cpuds2 nrod_is:1   0.000 PERCP Eedde 3pass/cp@fff8007fc00000 s99544 r8192 d31528 u1048576
[    0.000000] PV qspinlock hastaleentri: 6 (orr:, 4096 bes
[    0.000] Bui 1onelists in Node order, mobility grouping on.  Total pages: 515961
[    0.000000] Policy zone: DMA32
[    0.000000] Kernel command line: BOOT_IMAGE=/boot/vmlinuz-4.4.0-116-generic root=LABEL=cloudimg-rootfs ro console=tty1 console=ttyS0
[    0.000000 PID hshtalentries 4096 (order: 3, 32768 bytes)
[    0.000000] Memory: 2033848K/2096696K available (8530K kernel code, 1309K rwdata, 3992K rodata, 1508K init, 1316K bss, 62848K reserved, 0K cma-reserved)
[    0.000000] SLUB: HWalign=64, Order=0-3, MinObjects=0, CPUs=2, Nodes=1   0.000 Kernel/se page tables olationenled
[    0.000000] Hierarchical RCU implementation.
[    0.0000]Build-medjusme o leafaou to .[   .0000]RC rstriti CUs fro NCPS=51tor_cpid2.
[  000000] RCU: Adjusting geometry for rcu_fanout_leaf=64, nr_cpu_ids=2
[    0.000000] NR_IRQS:33024 nr_irqs:440 16
[    0.000000] Console: colour VGA+ 80x25
[    0.000000] console [tty1] enabled
[   00000] onole [ttyS0] enabled
[    0.000000] tsc: Detected 3096.000 MHz processor
[   15.259570]Caibrating delay loop (skipped) preset value.. 6192.00 BogoMIPS (lpj=12384000)
[   15.370026] pid_max: default: 32768 minimum: 301
[   15.439732] ACPI: Core revision 20150930
[   15.480475] ACPI: 2 ACPI AML tables successfully acquired and loaded
[   15.482279] Security Framework initialized
[   15.483456] Yama: becoming mindful.
[   15.484480] AppArmor: AppArmor initialized
[   15.487301] Dentry cache hash table entries: 262144 (order: 9, 2097152 bytes)
[   15.493892] Inode-cache hash table entries: 131072 (order: 8, 1048576 bytes)
[   15.522709] Mount-cache hash table entries: 4096 (order: 3, 32768 bytes)
[   15.541202] Mountpoint-cache hash table entries: 4096 (order: 3, 32768 bytes)
[   15.543385] Initializing cgroup subsys io
[   15.559905] Initializing cgroup subsys memory
[   15.614472] Initializing cgroup subsys devices
[   15.670612] Initializing cgroup subsys freezer
[   15.742924] Initializing cgroup subsys net_cls
[   15.744242] Initializing cgroup subsys perf_event
[   15.804969] Initializing cgroup subsys net_prio
[   15.891738] Initializing cgroup subsys hugetlb
[   15.983459] Initializing cgroup subsys pids
[   16.065255] CPU: Physical Processor ID: 0
[   16.072132] CPU: Processor Core ID: 0
[   16.144726] FEATURE SPEC_CTRL Not Present
[   16.228508] mce: CPU supports 0 MCE banks
[   16.275619] Last level iTLB entries: 4KB 64, 2MB 8, 4MB 8
[   16.383260] Last level dTLB entries: 4KB 64, 2MB 0, 4MB 0, 1GB 4
[   16.49e V2 mitigation: Mitigation: Full generic retpoline
[   16.799475] Spectre V2 mitigation: Speculation control IBPB not-supported IBRS not-supported
[   16.969502] Freeing SMP alternatives memory: 32K
[   17.092301] ftrace: allocating 32186 entries in 126 pages
[   17.247343] smpboot: APIC(0) Converting physical 0 to logical package 0
[   17.407720] smpboot: Max logical packages: 1
[   17.495471] x2apic enabled
[   17.572704] Switched APIC routing to physical x2apic.
[   17.696987] ..TIMER: vector=0x30 apic1=0 pin1=2 apic2=-1 pin2=-1
[   17.955668] smpboot: CPU0: Intel(R) Core(TM) i5-7267U CPU @ 3.10GHz (family: 0x6, model: 0x8e, stepping: 0x9)
[   18.176524] Performance Events: unsupported p6 CPU model 142 no PMU driver, software events only.
[   18.399211] KVM setup paravirtual spinlock
[   18.488359] x86: Booting SMP configuration:
[   18.581270] .... node  #0, CPUs:      #1
[   18.663905] kvm-clock: cpu 1, msr 0:7ffe3041, secondary cpu clock
[   18.700214] mce: CPU supports 0 MCE banks
[   18.703154] x86: Booted up 1 node, 2 CPUs
[   18.791964] smpboot: Total of 2 processors activated (12384.00 BogoMIPS)
[   18.887757] devtmpfs: initialized
[   18.952731] evm: security.selinux
[   19.003651] evm: security.SMACK64
[   19.064420] evm: security.SMACK64EXEC
[   19.119818] evm: security.SMACK64TRANSMUTE
[   19.204902] evm: security.SMACK64MMAP
[   19.247210] evm: security.ima
[   19.290396] evm: security.capability
[   19.351132] clocksource: jiffies: mask: 0xffffffff max_cycles: 0xffffffff, max_idle_ns: 7645041785100000 ns
[   19.503797] futex hash table entries: 512 (order: 3, 32768 bytes)
[   19.606204] pinctrl core: initialized pinctrl subsystem
[   19.673853] RTC time:  1:59:36, date: 04/03/18
[   19.753143] NET: Registered protocol family 16
[   19.841655] cpuidle: using governor ladder
[   19.921191] cpuidle: using governor menu
[   19.989014] PCCT header not found.
[   20.034653] ACPI: bus type PCI registered
[   20.094576] acpiphp: ACPI Hot Plug PCI Controller Driver version: 0.5
[   20.179870] PCI: Using configuration type 1 for base access
[   20.297126] ACPI: Added _OSI(Module Device)
[   20.371237] ACPI: Added _OSI(Processor Device)
[   20.418974] ACPI: Added _OSI(3.0 _SCP Extensions)
[   20.482644] ACPI: Added _OSI(Processor Aggregator Device)
[   20.576691] ACPI: Executed 1 blocks of module-level executable AML code
[   20.698177] ACPI: Interpreter enabled
[   20.755094] ACPI: (supports S0 S5)
[   20.805687] ACPI: Using IOAPIC for interrupt routing
[   20.884271] PCI: Using host bridge windows from ACPI; if necessary, use "pci=nocrs" and report a bug
[   21.026696] ACPI: PCI Root Bridge [PCI0] (domain 0000 [bus 00-ff])
[   21.135180] acpi PNP0A03:00: _OSC: OS supports [ASPM ClockPM Segments MSI]
[   21.250649] acpi PNP0A03:00: _OSC: not requesting OS control; OS requires [ExtendedConfig ASPM ClockPM MSI]
[   21.419256] acpi PNP0A03:00: fail to add MMCONFIG information, can't access extended PCI configuration space under this bridge.
[   21.586303] PCI host bridge to bus 0000:00
[   21.650597] pci_bus 0000:00: root bus resource [io  0x0000-0x0cf7 window]
[   21.750312] pci_bus 0000:00: root bus resource [io  0x0d00-0xffff window]
[   21.801299] pci_bus 0000:00: root bus resource [mem 0x000a0000-0x000bffff window]
[   21.880379] pci_bus 0000:00: root bus resource [mem 0x80000000-0xfdffffff window]
[   22.020557] pci_bus 0000:00: root bus resource [bus 00-ff]
[   22.116749] pci 0000:00:01.1: legacy IDE quirk: reg 0x10: [io  0x01f0-0x01f7]
[   22.251994] pci 0000:00:01.1: legacy IDE quirk: reg 0x14: [io  0x03f6]
[   22.304594] pci 0000:00:01.1: legacy IDE quirk: reg 0x18: [io  0x0170-0x0177]
[   22.375530] pci 0000:00:01.1: legacy IDE quirk: reg 0x1c: [io  0x0376]
[   22.498513] pci 0000:00:07.0: quirk: [io  0x4000-0x403f] claimed by PIIX4 ACPI
[   22.618900] pci 0000:00:07.0: quirk: [io  0x4100-0x410f] claimed by PIIX4 SMB
[   22.715323] ACPI: PCI Interrupt Link [LNKA] (IRQs 5 9 10 *11)
[   22.808698] ACPI: PCI Interrupt Link [LNKB] (IRQs 5 9 *10 11)
[   22.876558] ACPI: PCI Interrupt Link [LNKC] (IRQs 5 *9 10 11)
[   22.938066] ACPI: PCI Interrupt Link [LNKD] (IRQs 5 9 10 *11)
[   22.940139] ACPI: Enabled 2 GPEs in block 00 to 07
[   22.941859] vgaarb: setting as boot device: PCI:0000:00:02.0
[   23.007913] vgaarb: device added: PCI:0000:00:02.0,decodes=io+mem,owns=io+mem,locks=none
[   23.176099] vgaarb: loaded
[   23.182492] vgaarb: bridge control possible 0000:00:02.0
[   23.261951] SCSI subsystem initialized
[   23.324245] ACPI: bus type USB registered
[   23.364863] usbcore: registered new interface driver usbfs
[   23.454566] usbcore: registered new interface driver hub
[   23.539197] usbcore: registered new device driver usb
[   23.618000] PCI: Using ACPI for IRQ routing
[   23.680658] NetLabel: Initializing
[   23.760062] NetLabel:  domain hash size = 128
[   23.816694] NetLabel:  protocols = UNLABELED CIPSOv4
[   23.901890] NetLabel:  unlabeled traffic allowed by default
[   23.989694] amd_nb: Cannot enumerate AMD northbridges
[   24.061109] clocksource: Switched to clocksource kvm-clock
[   .176 AAror AppArmoFisyemnaed[ 24650]npPnAC it  5.50915 pnp:nPCP fnd3 eves
[   25.516303] clocksource: acpi_pm: mask: 0xffffff max_cycles: 0xffffff, max_idle_ns: 2085701024 ns
[   25.625915] NET: Registered protocol family 2
[   25.705347] TCP established hash table entries: 16384 (order: 5, 131072 bytes)
[   25.873191] TCP bind hash table entries: 16384 (order: 6, 262144 bytes)
[   26.004368] TCP: Hash tbbles configured (established 16384 bind 16384)
[   26.205835] UDP hash table entries: 1024 (order: 3, 32768 bytes)
[   26.252191] UDP-Lite hash table entries: 1024 (order: 3, 32768 bytes)
[   26.269407] NET: Registered protocol family 1
[   26.272088] pci 0000:00:00.0: Limiting direct PCI/PCI transfers
[   26.287488] pci 0000:00:01.0: Activating ISA DMA hang workarounds
[   26.338836] Unpacking initramfs...
[   28.077251] Freeing initrd memory: 10876K
[   28.115871] platform rtc_cmos: registered platform RTC device (no PNP device found)
[   28.204823] Scanning for low memory corruption every 60 seconds
[   28.228330] audit: initializing netlink subsys (disabled)
[   28.251503] audit: type=2000 audit(1522720766.900:1): initialized
[   28.382275] Initialise system trusted keyring
[   28.466256] HugeTLB registered 2 MB page size, pre-allocated 0 pages
[   28.469393] zbud: loaded
[   28.496133] VFS: Disk quotas dquot_6.6.0
[   28.509714] VFS: Dquot-cache hash table entries: 512 (order 0, 4096 bytes)
[   28.536737] squashfs: version 4.0 (2009/01/31) Phillip Lougher
[   28.572944] fuse init (API version 7.23)
[   28.621190] Key type big_key registered
[   28.686275] Allocating IMA MOK and blacklist keyrings.
[   28.790753] Key type asymmetric registered
[   28.877652] Asymmetric key parser 'x509' registered
[   28.960600] Block layer SCSI generic (bsg) driver version 0.4 loaded (major 249)
[   29.143279] tsc: Refined TSC clocksource calibration: 3095.867 MHz
[   29.301088] clocksource: tsc: mask: 0xffffffffffffffff max_cycles: 0x2ca007778ef, max_idle_ns: 440795251527 ns
[   29.301186] io scheduler noop registered
[   29.301188] io scheduler deadline registered (default)
[   29.301234] io scheduler cfq registered
[   29.301348] pci_hotplug: PCI Hot Plug PCI Core version: 0.5
[   29.301354] pciehp: PCI Express Hot Plug Controller Driver version: 0.4
[   29.301707] ACPI: AC Adapter [AC] (on-line)
[   29.301764] input: Power Button as /devices/LNXSYSTM:00/LNXPWRBN:00/input/input0
[   29.301766] ACPI: Power Button [PWRF]
[   29.301856] input: Sleep Button as /devices/LNXSYSTM:00/LNXSLPBN:00/input/input1
[   29.301858] ACPI: Sleep Button [SLPF]
[   29.302028] GHES: HEST is not enabled!
[   29.303083] ACPI: Battery Slot [BAT0] (battery present)
[   29.303127] Serial: 8250/16550 driver, 32 ports, IRQ sharing enabled
[   29.343958] 00:02: ttyS0 at I/O 0x3f8 (irq = 4, base_baud = 115200) is a 16550A
[   29.406320] Linux agpgart interface v0.103
[   29.412135] loop: module loaded
[   29.412642] scsi host0: ata_piix
[   29.412703] scsi host1: ata_piix
[   29.412738] ata1: PATA max UDMA/33 cmd 0x1f0 ctl 0x3f6 bmdma 0xd000 irq 14
[   29.412740] ata2: PATA max UDMA/33 cmd 0x170 ctl 0x376 bmdma 0xd008 irq 15
[   29.412819] libphy: Fixed MDIO Bus: probed
[   29.412821] tun: Universal TUN/TAP device driver, 1.6
[   29.412822] tun: (C) 1999-2004 Max Krasnyansky <maxk@qualcomm.com>
[   29.413232] PPP generic driver version 2.4.2
[   29.413279] ehci_hcd: USB 2.0 'Enhanced' Host Controller (EHCI) Driver
[   29.413283] ehci-pci: EHCI PCI platform driver
[   29.413295] ehci-platform: EHCI generic platform driver
[   29.413302] ohci_hcd: USB 1.1 'Open' Host Controller (OHCI) Driver
[   29.413304] ohci-pci: OHCI PCI platform driver
[   29.413310] ohci-platform: OHCI generic platform driver
[   29.413316] uhci_hcd: USB Universal Host Controller Interface driver
[   29.413360] i8042: PNP: PS/2 Controller [PNP0303:PS2K,PNP0f03:PS2M] at 0x60,0x64 irq 1,12
[   29.413760] serio: i8042 KBD port at 0x60,0x64 irq 1
[   29.413763] serio: i8042 AUX port at 0x60,0x64 irq 12
[   29.413839] mousedev: PS/2 mouse device common for all mice
[   29.414053] input: AT Translated Set 2 keyboard as /devices/platform/i8042/serio0/input/input2
[   29.414354] rtc_cmos rtc_cmos: rtc core: registered rtc_cmos as rtc0
[   29.414398] rtc_cmos rtc_cmos: alarms up to one day, 114 bytes nvram
[   29.414403] i2c /dev entries driver
[   29.414444] device-mapper: uevent: version 1.0.3
[   29.414485] device-mapper: ioctl: 4.34.0-ioctl (2015-10-28) initialised: dm-devel@redhat.com
[   29.414502] ledtrig-cpu: registered to indicate activity on CPUs
[   29.414988] NET: Registered protocol family 10
[   29.415102] NET: Registered protocol family 17
[   29.415112] Key type dns_resolver registered
[   29.415215] microcode: CPU0 sig=0x806e9, pf=0x2, revision=0x0
[   29.421981] microcode: CPU1 sig=0x806e9, pf=0x2, revision=0x0
[   29.422046] microcode: Microcode Update Driver: v2.01 <tigran@aivazian.fsnet.co.uk>, Peter Oruba
[   29.422210] registered taskstats version 1
[   29.422223] Loading compiled-in X.509 certificates
[   29.422815] Loaded X.509 cert 'Build time autogenerated kernel key: aa84f01984fbd529c105810b59e379d349698248'
[   29.422836] zswap: loaded using pool lzo/zbud
[   29.423993] Key type trusted registered
[   29.425903] Key type encrypted registered
[   29.425907] AppArmor: AppArmor sha1 policy hashing enabled
[   29.425909] ima: No TPM chip found, activating TPM-bypass!
[   29.425921] evm: HMAC attrs: 0x1
[   29.426244]   Magic number: 14:755:962
[   29.426269] memory memory13: hash matches
[   29.427297] rtc_cmos rtc_cmos: setting system clock to 2018-04-03 01:59:46 UTC (1522720786)
[   29.427379] BIOS EDD facility v0.16 2004-Jun-25, 0 devices found
[   29.427379] EDD information not available.
[   33.791844] Freeing unused kernel memory: 1508K
[   33.874167] Write protecting the kernel read-only data: 14336k
[   33.952298] Freeing unused kernel memory: 1700K
[   34.031266] Freeing unused kernel memory: 104K
Loading, please wait...
[   34.120788] random: systemd-udevd: uninitialized urandom read (16 bytes read, 7 bits of entropy available)
starting version[   34.121349] random: udevadm: uninitialized urandom read (16 bytes read, 7 bits of entropy available)
 229
[   34.121445] random: udevadm: uninitialized urandom read (16 bytes read, 7 bits of entropy available)
[   34.127626] random: udevadm: uninitialized urandom read (16 bytes read, 7 bits of entropy available)
[   34.127659] random: udevadm: uninitialized urandom read (16 bytes read, 7 bits of entropy available)
[   34.127758] random: udevadm: uninitialized urandom read (16 bytes read, 7 bits of entropy available)
[   34.127797] random: udevadm: uninitialized urandom read (16 bytes read, 7 bits of entropy available)
[   34.127833] random: udevadm: uninitialized urandom read (16 bytes read, 7 bits of entropy available)
[   34.127869] random: udevadm: uninitialized urandom read (16 bytes read, 7 bits of entropy available)
[   34.127905] random: udevadm: uninitialized urandom read (16 bytes read, 7 bits of entropy available)
[   35.589811] e1000: Intel(R) PRO/1000 Network Driver - version 7.3.21-k8-NAPI
[   35.608072] e1000: Copyright (c) 1999-2006 Intel Corporation.
[   35.616185] Fusion MPT base driver 3.04.20
[   35.658507] Copyright (c) 1999-2008 LSI Corporation
[   35.670353] AVX2 version of gcm_enc/dec engaged.
[   35.674868] AES CTR mode by8 optimization enabled
[   35.683187] Fusion MPT SPI Host driver 3.04.20
[   35.819688] input: ImExPS/2 Generic Explorer Mouse as /devices/platform/i8042/serio1/input/input4
[   36.122488] e1000 0000:00:03.0 eth0: (PCI:33MHz:32-bit) 02:d9:fe:34:b4:72
[   36.211442] e1000 0000:00:03.0 eth0: Intel(R) PRO/1000 Network Connection
[   36.277281] mptbase: ioc0: Initiating bringup
[   36.449519] ioc0: LSI53C1030 A0: Capabilities={Initiator}
[   36.695803] scsi host2: ioc0: LSI53C1030 A0, FwRev=00000000h, Ports=1, MaxQ=256, IRQ=20
[   36.918335] scsi 2:0:0:0: Direct-Access     VBOX     HARDDISK         1.0  PQ: 0 ANSI: 5
[   37.003800] scsi target2:0:0: Beginning Domain Validation
[   37.042291] scsi target2:0:0: Domain Validation skipping write tests
[   37.043992] scsi target2:0:0: Ending Domain Validation
[   37.078316] scsi target2:0:0: asynchronous
[   37.116808] scsi 2:0:1:0: Direct-Access     VBOX     HARDDISK         1.0  PQ: 0 ANSI: 5
[   37.119115] scsi target2:0:1: Beginning Domain Validation
[   37.151276] scsi target2:0:1: Domain Validation skipping write tests
[   37.169492] scsi target2:0:1: Ending Domain Validation
[   37.210174] scsi target2:0:1: asynchronous
[   37.245686] sd 2:0:0:0: Attached scsi generic sg0 type 0
[   37.296143] e1000 0000:00:08.0 eth1: (PCI:33MHz:32-bit) 08:00:27:77:c0:f5
[   37.296150] e1000 0000:00:08.0 eth1: Intel(R) PRO/1000 Network Connection
[   37.467492] sd 2:0:0:0: [sda] 20971520 512-byte logical blocks: (10.7 GB/10.0 GiB)
[   37.468203] e1000 0000:00:08.0 enp0s8: renamed from eth1
[   37.468453] sd 2:0:1:0: Attached scsi generic sg1 type 0
[   37.469064] sd 2:0:1:0: [sdb] 20480 512-byte logical blocks: (10.5 MB/10.0 MiB)
[   37.469276] sd 2:0:1:0: [sdb] Write Protect is off
[   37.469379] sd 2:0:1:0: [sdb] Incomplete mode parameter data
[   37.469380] sd 2:0:1:0: [sdb] Assuming drive cache: write through
[   37.470694] sd 2:0:1:0: [sdb] Attached SCSI disk
[   38.142954] sd 2:0:0:0: [sda] Write Protect is off
[   38.149473] e1000 0000:00:03.0 enp0s3: renamed from eth0
[   38.359898] sd 2:0:0:0: [sda] Incomplete mode parameter data
[   38.374811] sd 2:0:0:0: [sda] Assuming drive cache: write through
[   38.421545]  sda: sda1
[   38.431359] sd 2:0:0:0: [sda] Attached SCSI disk
[   38.613244] floppy0: no floppy controllers found
Begin: Loading e[   39.911953] md: linear personality registered for level -1
ssential drivers[   40.021612] md: multipath personality registered for level -4
 ... [   40.121271] md: raid0 personality registered for level 0
[   40.293596] md: raid1 personality registered for level 1
[   40.509692] raid6: sse2x1   gen() 11984 MB/s
[   40.653539] raid6: sse2x1   xor()  4989 MB/s
[   40.821408] raid6: sse2x2   gen() 14325 MB/s
[   41.054071] raid6: sse2x2   xor() 10170 MB/s
[   41.233306] raid6: sse2x4   gen() 16102 MB/s
[   41.369205] raid6: sse2x4   xor() 11482 MB/s
[   41.601635] raid6: avx2x1   gen() 23089 MB/s
[   41.749256] raid6: avx2x2   gen() 15642 MB/s
[   41.845183] raid6: avx2x4   gen() 26291 MB/s
[   41.974641] raid6: using algorithm avx2x4 gen() 26291 MB/s
[   42.008312] raid6: using avx2x2 recovery algorithm
[   42.032182] xor: automatically using best checksumming function:
[   42.177369]    avx       : 21331.000 MB/sec
[   42.245369] async_tx: api initialized (async)
[   42.358901] md: raid6 personality registered for level 6
[   42.378854] md: raid5 personality registered for level 5
[   42.393038] md: raid4 personality registered for level 4
[   42.417813] md: raid10 personality registered for level 10
done.
Begin: Running /scripts/init-premount ... done.[   42.545886] Btrfs loaded

Begin: Mounting root file system ... Begin: Running /scripts/local-top ... done.
Begin: Running /scripts/local-premount ... Scanning for Btrfs filesystems
done.
Warning: fsck no[   42.657253] EXT4-fs (sda1): mounted filesystem with ordered data mode. Opts: (null)
t present, so skipping root file system
done.
Begin: Running /scripts/local-bottom ... done.
Begin: Running /scripts/init-bottom ... done.
[   42.923296] systemd[1]: systemd 229 running in system mode. (+PAM +AUDIT +SELINUX +IMA +APPARMOR +SMACK +SYSVINIT +UTMP +LIBCRYPTSETUP +GCRYPT +GNUTLS +ACL +XZ -LZ4 +SECCOMP +BLKID +ELFUTILS +KMOD -IDN)
[   43.215739] systemd[1]: Detected virtualization oracle.
[   43.281878] systemd[1]: Detected architecture x86-64.

Welcome to [1mUbuntu 16.04.4 LTS[0m!

[   43.406849] systemd[1]: Set hostname to <ubuntu>.
[   43.429204] systemd[1]: Initializing machine ID from random generator.
[   43.473996] systemd[1]: Installed transient /etc/machine-id file.
[   43.625631] systemd[1]: Created slice User and Session Slice.
[[0;32m  OK  [0m] Created slice User and Session Slice.
[   43.806015] systemd[1]: Reached target Encrypted Volumes.
[[0;32m  OK  [0m] Reached target Encrypted Volumes.
[   43.905882] systemd[1]: Listening on Journal Socket.
[[0;32m  OK  [0m] Listening on[   43.911104] random: nonblocking pool is initialized
 Journal Socket.
[   43.933789] systemd[1]: Listening on Journal Socket (/dev/log).
[[0;32m  OK  [0m] Listening on Journal Socket (/dev/log).
[   44.015717] systemd[1]: Reached target System Time Synchronized.
[[0;32m  OK  [0m] Reached target System Time Synchronized.
[   44.110622] systemd[1]: Listening on /dev/initctl Compatibility Named Pipe.
[[0;32m  OK  [0m] Listening on /dev/initctl Compatibility Named Pipe.
[   44.197700] systemd[1]: Reached target Swap.
[[0;32m  OK  [0m] Reached target Swap.
[   44.257681] systemd[1]: Started Trigger resolvconf update for networkd DNS.
[[0;32m  OK  [0m] Started Trigger resolvconf update for networkd DNS.
[   44.369929] systemd[1]: Created slice System Slice.
[[0;32m  OK  [0m] Created slice System Slice.
[   44.514003] systemd[1]: Starting Nameserver information manager...
         Starting Nameserver information manager...
[   44.653684] systemd[1]: Mounting Huge Pages File System...
         Mounting Huge Pages File System...
[   44.709635] systemd[1]: Mounting POSIX Message Queue File System...
         Mounting POSIX Message Queue File System...
[   44.897732] systemd[1]: Reached target Slices.
[[0;32m  OK  [0m] Reached target Slices.
[   45.013435] systemd[1]: Starting Remount Root and Kernel File Systems...
[   45.017482] EXT4-fs (sda1): re-mounted. Opts: (null)
         Starting Remount Root and Kernel File Systems...
[   45.098392] systemd[1]: Listening on LVM2 poll daemon socket.
[[0;32m  OK  [0m] Listening on LVM2 poll daemon socket.
[   45.261830] systemd[1]: Starting Load Kernel Modules...
[   45.210] oadig SC tnsrtlass v2.0-870.

         Starting Load Kernel Modules...
[   45.631568] systemd[1]: Set up automount Arbitrary Executable File Formats File System Automount Point.
[[0;32m  OK  [0m] Set up autom[   45.637513] iscsi: registered transport (tcp)
ount Arbitrary Executab...ats File System Automo[   45.754514] iscsi: registered transport (iser)
unt Point.
[   45.848946] systemd[1]: Listening on udev Kernel Socket.
[[0;32m  OK  [0m] Listening on udev Kernel Socket.
[   46.046081] systemd[1]: Listening on Device-mapper event daemon FIFOs.
[[0;32m  OK  [0m] Listening on Device-mapper event daemon FIFOs.
[   46.101610] systemd[1]: Starting Uncomplicated firewall...
         Starting Uncomplicated firewall...
[   46.181757] systemd[1]: Starting Create list of required static device nodes for the current kernel...
         Starting Create list of required st... nodes for the current kernel...
[   46.441735] systemd[1]: Starting Set console keymap...
         Starting Set console keymap...
[   46.649601] systemd[1]: Started Forward Password Requests to Wall Directory Watch.
[[0;32m  OK  [0m] Started Forward Password Requests to Wall Directory Watch.
[   46.893630] systemd[1]: Mounting Debug File System...
         Mounting Debug File System...
[   47.101997] systemd[1]: Listening on LVM2 metadata daemon socket.
[[0;32m  OK  [0m] Listening on LVM2 metadata daemon socket.
[   47.257414] systemd[1]: Starting Monitoring of LVM2 mirrors, snapshots etc. using dmeventd or progress polling...
         Starting Monitoring of LVM2 mirrors... dmeventd or progress polling...
[   47.571779] systemd[1]: Listening on Syslog Socket.
[[0;32m  OK  [0m] Listening on Syslog Socket.
[   47.661827] systemd[1]: Listening on udev Control Socket.
[[0;32m  OK  [0m] Listening on udev Control Socket.
[   47.825786] systemd[1]: Listening on Journal Audit Socket.
[[0;32m  OK  [0m] Listening on Journal Audit Socket.
[   48.033377] systemd[1]: Starting Journal Service...
         Starting Journal Service...
[   48.147122] systemd[1]: Created slice system-serial\x2dgetty.slice.
[[0;32m  OK  [0m] Created slice system-serial\x2dgetty.slice.
[   48.286185] systemd[1]: Reached target User and Group Name Lookups.
[[0;32m  OK  [0m] Reached target User and Group Name Lookups.
[   48.391327] systemd[1]: Mounted POSIX Message Queue File System.
[[0;32m  OK  [0m] Mounted POSIX Message Queue File System.
[   48.437891] systemd[1]: Mounted Debug File System.
[[0;32m  OK  [0m] Mounted Debug File System.
[   48.538038] systemd[1]: Mounted Huge Pages File System.
[[0;32m  OK  [0m] Mounted Huge Pages File System.
[   48.630096] systemd[1]: Started Journal Service.
[[0;32m  OK  [0m] Started Journal Service.
[[0;32m  OK  [0m] Started Remount Root and Kernel File Systems.
[[0;32m  OK  [0m] Started Load Kernel Modules.
[[0;32m  OK  [0m] Started Uncomplicated firewall.
[[0;32m  OK  [0m] Started Create list of required sta...ce nodes for the current kernel.
[[0;32m  OK  [0m] Started Set console keymap.
[[0;32m  OK  [0m] Started Nameserver information manager.
[[0;32m  OK  [0m] Started LVM2 metadata daemon.
         Starting Create Static Device Nodes in /dev...
         Starting Apply Kernel Variables...
         Mounting FUSE Control File System...
         Starting udev Coldplug all Devices...
         Starting Load/Save Random Seed...
         Starting Initial cloud-init job (pre-networking)...
         Starting Flush Journal to Persistent Storage...
[[0;32m  OK  [0m] Mounted FUSE Control File System.
[[0;32m  OK  [0m] Started Create Static Device Nodes in /dev.
[[0;32m  OK  [0m] Started Apply Kernel Variables.
[[0;32m  OK  [0m] Started Load/Save Random Seed.
[[0;32m  OK  [0m] Started Monitoring of LVM2 mirrors,...ng dmeventd or progress polling.
[[0;32m  OK  [0m] Started udev Coldplug all Devices.
[[0;32m  OK  [0m] Started Flush Journal to Persistent Storage.
         Starting udev Kernel Device Manager...
[[0;32m  OK  [0m] Started udev Kernel Device Manager.
[[0;32m  OK  [0m] Started Dispatch Password Requests to Console Directory Watch.
[[0;32m  OK  [0m] Reached target Local File Systems (Pre).
[[0;32m  OK  [0m] Reached target Local File Systems.
         Starting Set console font and keymap...
         Starting LSB: AppArmor initialization...
         Starting Tell Plymouth To Write Out Runtime Data...
[   26.861581] cloud-init[461]: Cloud-init v. 17.2 running 'init-local' at Tue, 03 Apr 2018 02:00:07 +0000. Up 26.56 seconds.
         Starting Create Volatile Files and Directories...
         Starting Commit a transient machine-id on disk...
[[0;32m  OK  [0m] Started Set console font and keymap.
[[0;32m  OK  [0m] Started Tell Plymouth To Write Out Runtime Data.
[[0;32m  OK  [0m] Started Create Volatile Files and Directories.
[[0;32m  OK  [0m] Started Commit a transient machine-id on disk.
[[0;32m  OK  [0m] Started Initial cloud-init job (pre-networking).
[[0;32m  OK  [0m] Found device /dev/ttyS0.
[[0;32m  OK  [0m] Listening on Load/Save RF Kill Switch Status /dev/rfkill Watch.
[[0;32m  OK  [0m] Reached target Network (Pre).
         Starting Update UTMP about System Boot/Shutdown...
[[0;32m  OK  [0m] Created slice system-getty.slice.
[[0;32m  OK  [0m] Started Update UTMP about System Boot/Shutdown.
[[0;32m  OK  [0m] Started LSB: AppArmor initialization.
[[0;32m  OK  [0m] Started ifup for enp0s3.
         Starting Raise network interfaces...
[[0;32m  OK  [0m] Started Raise network interfaces.
         Starting Initial cloud-init job (metadata service crawler)...
[[0;32m  OK  [0m] Reached target Network.
[   30.685453] cloud-init[976]: Cloud-init v. 17.2 running 'init' at Tue, 03 Apr 2018 02:00:10 +0000. Up 30.07 seconds.
[   30.816834] cloud-init[976]: ci-info: ++++++++++++++++++++++++++++++++++++++Net device info++++++++++++++++++++++++++++++++++++++
[   30.817728] cloud-init[976]: ci-info: +--------+-------+----------------------------+---------------+-------+-------------------+
[[0;32m  OK  [0m] Started Initial cloud-init job (metadata service crawler).
[   30.817944] cloud-init[976]: ci-info: | Device |   Up  |          Address           |      Mask     | Scope |     Hw-Address    |
[   31.337375] cloud-init[976]: ci-info: +--------+-------+----------------------------+---------------+-------+-------------------+
[   31.337926] cloud-init[976]: ci-info: | enp0s3 |  True |         10.0.2.15          | 255.255.255.0 |   .   | 02:d9:fe:34:b4:72 |
[[0;32m  OK  [0m] Reached target Network is Online.
[   31.338237] cloud-init[976]: ci-info: | enp0s3 |  True | fe80::d9:feff:fe34:b472/64 |       .       |  link | 02:d9:fe:34:b4:72 |
[   31.712941] cloud-init[976]: ci-info: | enp0s8 | False |             .              |       .       |   .   | 08:00:27:77:c0:f5 |
[   31.713644] cloud-init[976]: ci-info: |   lo   |  True |         127.0.0.1          |   255.0.0.0   |   .   |         .         |
         Starting iSCSI initiator daemon (iscsid)...
[[   31.713957] cloud-init[976]: ci-info: |   lo   |  True |          ::1/128           |       .       |  host |         .         |
[   31.882177] cloud-init[976]: ci-info: +--------+-------+----------------------------+---------------+-------+-------------------+
[   31.882847] cloud-init[976]: ci-info: +++++++++++++++++++++++++++Route IPv4 info++++++++++++++++++++++++++++
[0;32m  OK  [0m] Reached target System Initialization.
[[   31.883636] cloud-init[976]: ci-info: +-------+-------------+----------+---------------+-----------+-------+
[   32.305456] cloud-init[976]: ci-info: | Route | Destination | Gateway  |    Genmask    | Interface | Flags |
[0;32m  OK  [0m] Listening on UUID daemon activation socket.
[   32.305639] cloud-init[976]: ci-info: +-------+-------------+----------+---------------+-----------+-------+
[   32.632987] cloud-init[976]: ci-info: |   0   |   0.0.0.0   | 10.0.2.2 |    0.0.0.0    |   enp0s3  |   UG  |
[   32.633447] cloud-init[976]: ci-info: |   1   |   10.0.2.0  | 0.0.0.0  | 255.255.255.0 |   enp0s3  |   U   |
         Starting Socket activation for snappy daemon.
[[   32.633722] cloud-init[976]: ci-info: +-------+-------------+----------+---------------+-----------+-------+
[0;32m  OK  [0m] Listening on D-Bus System Message Bus Socket.
[   32.930190] cloud-init[976]: Generating public/private rsa key pair.
[   33.188687] cloud-init[976]: Your identification has been saved in /etc/ssh/ssh_host_rsa_key.
[   33.189412] cloud-init[976]: Your public key has been saved in /etc/ssh/ssh_host_rsa_key.pub.
         Starting LXD - unix socket.
[   33.189720] cloud-init[976]: The key fingerprint is:
[[   33.423871] cloud-init[976]: SHA256:TIrCnpasxtb/m/eG4Wh7Ccnfti7i36JfvUUJTrIU4D4 root@ubuntu-xenial
[   33.424798] cloud-init[976]: The key's randomart image is:
[0;32m  OK  [0m] Started ACPI Events Check.
[   33.425310] cloud-init[976]: +---[RSA 2048]----+
[   33.637795] cloud-init[976]: |         ...     |
[[0;32m  OK  [0m] Reached target Paths.
[[   33.638136] cloud-init[976]: |        .   .    |
[   33.757023] cloud-init[976]: |        .. o o   |
[0;32m  OK  [0m] Started Timer to automatically refresh installed snaps.
[[   33.757263] cloud-init[976]: | .   . +. . = . .|
[   33.886234] cloud-init[976]: |  o . o SE . . o |
[   33.886598] cloud-init[976]: | o +   + .. . .  |
[0;32m  OK  [0m] Listening on ACPID Listen Socket.
[[   33.886833] cloud-init[976]: |. B     = =. . . |
[   33.913989] cloud-init[976]: | * .   +.Xo+  o  |
[   33.914325] cloud-init[976]: |+   ..+BXoB=..   |
[   33.914687] cloud-init[976]: +----[SHA256]-----+
[0;32m  OK  [0m] Started Daily Cleanup of Temporary Directories.
[   33.915051] cloud-init[976]: Generating public/private dsa key pair.
[   33.981297] cloud-init[976]: Your identification has been saved in /etc/ssh/ssh_host_dsa_key.
[[0;32m  OK  [0m] Started Daily apt download activities.
[[   33.981740] cloud-init[976]: Your public key has been saved in /etc/ssh/ssh_host_dsa_key.pub.
[   34.032111] cloud-init[976]: The key fingerprint is:
[0;32m  OK  [0m] Started Daily apt upgrade and clean activities.
[[   34.032334] cloud-init[976]: SHA256:vXd1n8cydwqWb7holTmXZKgcK4PXZ5fvZuXAaz9nU3A root@ubuntu-xenial
[   34.197181] cloud-init[976]: The key's randomart image is:
[0;32m  OK  [0m] Reached target Timers.
[   34.197344] cloud-init[976]: +---[DSA 1024]----+
[   34.342024] cloud-init[976]: |                 |
[[0;32m  OK  [0m] Reached target Cloud-config availability.
[   34.342224] cloud-init[976]: |                 |
[   34.484422] cloud-init[976]: |             .   |
[   34.484886] cloud-init[976]: |         .. . + E|
[[0;32m  OK  [0m] Listening on Socket activation for snappy daemon.
[   34.485150] cloud-init[976]: |       .So.+ * =o|
[[0;32m  OK  [0m] Listening on LXD - unix socket.
[[   34.613896] cloud-init[976]: |      . + =.B.Bo*|
[   34.697729] cloud-init[976]: |       . o.+==+*O|
[0;32m  OK  [0m] Started iSCSI initiator daemon (iscsid).
[   34.697882] cloud-init[976]: |          .+.++BX|
[   34.840428] cloud-init[976]: |         .. .+o**|
[   34.841151] cloud-init[976]: +----[SHA256]-----+
         Starting Login to default iSCSI targets...
[[   34.841500] cloud-init[976]: Generating public/private ecdsa key pair.
[   34.949828] cloud-init[976]: Your identification has been saved in /etc/ssh/ssh_host_ecdsa_key.
[0;32m  OK  [0m] Reached target Sockets.
[   34.950052] cloud-init[976]: Your public key has been saved in /etc/ssh/ssh_host_ecdsa_key.pub.
[   35.109324] cloud-init[976]: The key fingerprint is:
[[0;32m  OK  [0m] Reached target Basic System.
[   35.109451] cloud-init[976]: SHA256:zX9L4qoKea+ZVxaVGuIhAHig6QM6EsXRQjIQpgl3OSA root@ubuntu-xenial
[   35.318371] cloud-init[976]: The key's randomart image is:
[   35.319377] cloud-init[976]: +---[ECDSA 256]---+
         Starting LSB: MD monitoring daemon...
[   35.319635] cloud-init[976]: |EBB=oo       .   |
[   35.464348] cloud-init[976]: |*O+.+ . o . o    |
[   35.464934] cloud-init[976]: |B. . . o o +     |
         Starting System Logging Service...
[   35.465235] cloud-init[976]: |+.      .oo      |
[   35.521691] cloud-init[976]: |+o      S o.     |
[   35.522244] cloud-init[976]: |...  .    o.     |
[   35.522590] cloud-init[976]: |    o .  o  o o  |
[   35.522911] cloud-init[976]: |     o +.  . + . |
[   35.523242] cloud-init[976]: |      =+o.... .  |
[   35.523553] cloud-init[976]: +----[SHA256]-----+
         Starting LXD - container startup/shutdown...
[   35.523874] cloud-init[976]: Generating public/private ed25519 key pair.
[   35.658669] cloud-init[976]: Your identification has been saved in /etc/ssh/ssh_host_ed25519_key.
[   35.659242] cloud-init[976]: Your public key has been saved in /etc/ssh/ssh_host_ed25519_key.pub.
         Starting /etc/rc.local Compatibility...
[   35.659434] cloud-init[976]: The key fingerprint is:
[[   35.848491] cloud-init[976]: SHA256:A9Bd+P7d7FgeJEaCrr5zY4KOTgYEdC+sVrNVAeac7pw root@ubuntu-xenial
[   35.849239] cloud-init[976]: The key's randomart image is:
[0;32m  OK  [0m] Started Deferred execution scheduler.
[   35.849474] cloud-init[976]: +--[ED25519 256]--+
[   36.068937] cloud-init[976]: |o. ..+.+.o.      |
[   36.069716] cloud-init[976]: |. o =.+ o .      |
         Starting Login Service...
[[   36.069947] cloud-init[976]: | . = *.  o . .   |
[   36.149975] cloud-init[976]: |. o *  .. . o    |
[   36.150185] cloud-init[976]: | + . .  So   o . |
[   36.150449] cloud-init[976]: |. . o . ... . o  |
[0;32m  OK  [0m] Started Unattended Upgrades Shutdown.
[   36.150710] cloud-init[976]: |   o E..   . . +.|
[   36.368530] cloud-init[976]: |  o ...o +  . .++|
[[0;32m  OK  [0m] Started ACPI event daemon.
[   36.369341] cloud-init[976]: |  .o.. o* .   ..o|
[   36.492349] cloud-init[976]: +----[SHA256]-----+
         Starting Virtualbox guest utils...
         Starting Pollinate to seed the pseudo random number generator...
[[0;32m  OK  [0m] Started D-Bus System Message Bus.
         Starting Apply the settings specified in cloud-config...
         Starting LSB: Record successful boot for GRUB...
         Starting Accounts Service...
[[0;32m  OK  [0m] Started Regular background program processing daemon.
[[0;32m  OK  [0m] Started FUSE filesystem for LXC.
         Starting Snappy daemon...
[[0;32m  OK  [0m] Started System Logging Service.
[[0;32m  OK  [0m] Started Snappy daemon.
[[0;32m  OK  [0m] Started LXD - container startup/shutdown.
[[0;32m  OK  [0m] Started /etc/rc.local Compatibility.
[[0;32m  OK  [0m] Started Login to default iSCSI targets.
[   37.420111] cloud-init[1146]: Generating locales (this might take a while)...
[[0;32m  OK  [0m] Started LSB: MD monitoring daemon.
[[0;32m  OK  [0m] Started LSB: Record successful boot for GRUB.
[[0;32m  OK  [0m] Started Virtualbox guest utils.
[[0;32m  OK  [0m] Started Login Service.
         Starting Authenticate and Authorize Users to Run Privileged Tasks...
[[0;32m  OK  [0m] Reached target Remote File Systems (Pre).
[[0;32m  OK  [0m] Reached target Remote File Systems.
         Starting LSB: daemon to balance interrupts for SMP systems...
         Starting LSB: Set the CPU Frequency Scaling governor to "ondemand"...
         Starting LSB: automatic crash report generation...
         Starting Permit User Sessions...
[[0;32m  OK  [0m] Started Pollinate to seed the pseudo random number generator.
[[0;32m  OK  [0m] Started Permit User Sessions.
[[0;32m  OK  [0m] Started Authenticate and Authorize Users to Run Privileged Tasks.
[[0;32m  OK  [0m] Started Accounts Service.
         Starting Hold until boot process finishes up...
         Starting Terminate Plymouth Boot Screen...
         Starting OpenBSD Secure Shell server...
[[0;32m  OK  [0m] Started LSB: daemon to balance interrupts for SMP systems.
[[0;32m  OK  [0m] Started LSB: Set the CPU Frequency Scaling governor to "ondemand".
[[0;32m  OK  [0m] Started LSB: automatic crash report generation.
[[0;32m  OK  [0m] Started Hold until boot process finishes up.
[[0;32m  OK  [0m] Started Terminate Plymouth Boot Screen.
[[0;32m  OK  [0m] Started OpenBSD Secure Shell server.
[[0;32m  OK  [0m] Created slice User Slice of vagrant.
         Starting User Manager for UID 1000...
[[0;32m  OK  [0m] Started Session 1 of user vagrant.
         Starting Set console scheme...
[[0;32m  OK  [0m] Started Serial Getty on ttyS0.
[[0;32m  OK  [0m] Started Getty on tty1.
[[0;32m  OK  [0m] Reached target Login Prompts.
[[0;32m  OK  [0m] Reached target Multi-User System.
[   38.441534] cloud-init[1146]:   en_US.UTF-8... done
[[0;32m  OK  [0m] Reached target Graphical Interface.
[   38.453269] cloud-init[1146]: Generation complete.
         Starting Update UTMP about System Runlevel Changes...
[[0;32m  OK  [0m] Started User Manager for UID 1000.
[   38.685782] cloud-init[1146]: Cloud-init v. 17.2 running 'modules:config' at Tue, 03 Apr 2018 02:00:17 +0000. Up 37.25 seconds.
[[0;32m  OK  [0m] Started Apply the settings specified in cloud-config.
[[0;32m  OK  [0m] Started Set console scheme.
[[0;32m  OK  [0m] Started Update UTMP about System Runlevel Changes.
         Starting Execute cloud user/final scripts...
ci-info: no authorized ssh keys fingerprints found for user ubuntu.
<14>Apr  3 02:00:20 ec2: 
<14>Apr  3 02:00:20 ec2: #############################################################
<14>Apr  3 02:00:20 ec2: -----BEGIN SSH HOST KEY FINGERPRINTS-----
<14>Apr  3 02:00:20 ec2: 1024 SHA256:vXd1n8cydwqWb7holTmXZKgcK4PXZ5fvZuXAaz9nU3A root@ubuntu-xenial (DSA)
<14>Apr  3 02:00:20 ec2: 256 SHA256:zX9L4qoKea+ZVxaVGuIhAHig6QM6EsXRQjIQpgl3OSA root@ubuntu-xenial (ECDSA)
<14>Apr  3 02:00:20 ec2: 256 SHA256:A9Bd+P7d7FgeJEaCrr5zY4KOTgYEdC+sVrNVAeac7pw root@ubuntu-xenial (ED25519)
<14>Apr  3 02:00:20 ec2: 2048 SHA256:TIrCnpasxtb/m/eG4Wh7Ccnfti7i36JfvUUJTrIU4D4 root@ubuntu-xenial (RSA)
<14>Apr  3 02:00:20 ec2: -----END SSH HOST KEY FINGERPRINTS-----
<14>Apr  3 02:00:20 ec2: #############################################################
-----BEGIN SSH HOST KEY KEYS-----
ecdsa-sha2-nistp256 AAAAE2VjZHNhLXNoYTItbmlzdHAyNTYAAAAIbmlzdHAyNTYAAABBBMrImnwrKem6+MnQ7A50ipYURAm2LeNV1DHusgcwbDwbLNGZobcNmuiYjNA9U8hoYEwbiOBFb7P1AHoe696q83M= root@ubuntu-xenial
ssh-ed25519 AAAAC3NzaC1lZDI1NTE5AAAAIIWPgqm9OspFVYymbpZKWrzFqu41UM77HYl1yjyEfxH5 root@ubuntu-xenial
ssh-rsa AAAAB3NzaC1yc2EAAAADAQABAAABAQC1WaJsGFGrAsg6opysRa62P//9y+ZbBuAeigjANfDuVZg62P+NQrOZceokcI+LMybme1uxWEt8zYCASulfsoNMIJfliigoiUNCSJ4tREiAZOqrV5psm7HQtUAWc/uqmmmO9QYGrGl45Xj0VxQcG1HEzp7z9dOEX07/r+KSHJZxCRsOxSiytYm54T6aVlk0BMjMvQ1JJ0C6YV9ReyghYzPvIURZOxIdBiJtU1pM3huztvOPUmRsShrRrGRaCWokEE3/j2qQYRpCCHFSLY0mcGFyp8KZ0lxJoLrjE+1BH+Hampr/V8h0woDyhtiPOv+9NHnFPeiwEtfG//JZhzo9VQul root@ubuntu-xenial
-----END SSH HOST KEY KEYS-----
[   40.064154] cloud-init[1344]: Cloud-init v. 17.2 running 'modules:final' at Tue, 03 Apr 2018 02:00:19 +0000. Up 39.33 seconds.
[   40.085097] cloud-init[1344]: ci-info: no authorized ssh keys fingerprints found for user ubuntu.
[   40.156504] cloud-init[1344]: Cloud-init v. 17.2 finished at Tue, 03 Apr 2018 02:00:20 +0000. Datasource DataSourceNoCloud [seed=/dev/sdb][dsmode=net].  Up 40.05 seconds
[[0;32m  OK  [0m] Started Execute cloud user/final scripts.
[[0;32m  OK  [0m] Reached target Cloud-init target.

Ubuntu 16.04.4 LTS ubuntu-xenial ttyS0

ubuntu-xenial login: 