[    0.000000] Initializing cgroup subsys cpuset
[    0.000000] Initializing cgroup subsys cpu
[    0.000000] Initializing cgroup subsys cpuacct
[    0.000000] Linux version 4.4.0-116-generic (buildd@lgw01-amd64-021) (gcc version 5.4.0 20160609 (Ubuntu 5.4.0-6ubuntu1~16.04.9) ) #140-Ubuntu SMP Mon Feb 12 21:23:04 UTC 2018 (Ubuntu 4.4.0-116.140-generic 4.4.98)
[    0.000000] Command line: BOOT_IMAGE=/boot/vmlinuz-4.4.0-116-generic root=LABEL=cloudimg-rootfs ro console=tty1 console=ttyS0
[    0.000000] KERNEL supported cpus:
[    0.000000]   Intel GenuineIntel
[    0.000000]   AMD AuthenticAMD
[    0.000000]   Centaur CentaurHauls
[    0.000000] x86/fpu: xstate_offset[2]:  576, xstate_sizes[2]:  256
[    0.000000] x86/fpu: Supporting XSAVE feature 0x01: 'x87 floating point registers'
[    0.000000] x86/fpu: Supporting XSAVE feature 0x02: 'SSE registers'
[    0.000000] x86/fpu: Supporting XSAVE feature 0x04: 'AVX registers'
[    0.000000] x86/fpu: Enabled xstate features 0x7, context size is 832 bytes, using 'standard' format.
[    0.000000] x86/fpu: Using 'lazy' FPU context switches.
[    0.000000] e820: BIOS-provided physical RAM map:
[    0.000000] BIOS-e820: [mem 0x0000000000000000-0x000000000009fbff] usable
[    0.000000] BIOS-e820: [mem 0x000000000009fc00-0x000000000009ffff] reserved
[    0.000000] BIOS-e820: [mem 0x00000000000f0000-0x00000000000fffff] reserved
[    0.000000] BIOS-e820: [mem 0x0000000000100000-0x000000007ffeffff] usable
[    0.000000] BIOS-e820: [mem 0x000000007fff0000-0x000000007fffffff] ACPI data
[    0.000000] BIOS-e820: [mem 0x00000000fec00000-0x00000000fec00fff] reserved
[    0.000000] BIOS-e820: [mem 0x00000000fee00000-0x00000000fee00fff] reserved
[    0.000000] BIOS-e820: [mem 0x00000000fffc0000-0x00000000ffffffff] reserved
[    0.000000] NX (Execute Disable) protection: active
[    0.000000] SMBIOS 2.5 present.
[    0.000000] Hypervisor detected: KVM
[    0.000000] e820: last_pfn = 0x7fff0 max_arch_pfn = 0x400000000
[    0.000000] MTRR: Disabled
[    0.000000] x86/PAT: MTRRs disabled, skipping PAT initialization too.
[    0.000000] CPU MTRRs all blank - virtualized system.
[    0.000000] x86/PAT: Configuration [0-7]: WB  WT  UC- UC  WB  WT  UC- UC  
[    0.000000] found SMP MP-table at [mem 0x0009fff0-0x0009ffff] mapped at [ffff88000009fff0]
[    0.000000] Scanning 1 areas for low memory corruption
[    0.000000] RAMDISK: [mem 0x36ab2000-0x37550fff]
[    0.000000] ACPI: Early table checksum verification disabled
[    0.000000] ACPI: RSDP 0x00000000000E0000 000024 (v02 VBOX  )
[    0.000000] ACPI: XSDT 0x000000007FFF0030 00003C (v01 VBOX   VBOXXSDT 00000001 ASL  00000061)
[    0.000000] ACPI: FACP 0x000000007FFF00F0 0000F4 (v04 VBOX   VBOXFACP 00000001 ASL  00000061)
[    0.000000] ACPI: DSDT 0x000000007FFF0470 0021FF (v02 VBOX   VBOXBIOS 00000002 INTL 20160831)
[    0.000000] ACPI: FACS 0x000000007FFF0200 000040
[    0.000000] ACPI: FACS 0x000000007FFF0200 000040
[    0.000000] ACPI: APIC 0x000000007FFF0240 00005C (v02 VBOX   VBOXAPIC 00000001 ASL  00000061)
[    0.000000] ACPI: SSDT 0x000000007FFF02A0 0001CC (v01 VBOX   VBOXCPUT 00000002 INTL 20160831)
[    0.000000] No NUMA configuration found
[    0.000000] Faking a node at [mem 0x0000000000000000-0x000000007ffeffff]
[    0.000000] NODE_DATA(0) allocated [mem 0x7ffeb000-0x7ffeffff]
[    0.000000] kvm-clock: Using msrs 4b564d01 and 4b564d00
[    0.000000] kvm-clock: cpu 0, msr 0:7ffe3001, primary cpu clock
[    0.000000] kvm-clock: using sched offset of 3076632323 cycles
[    0.000000] clocksource: kvm-clock: mask: 0xffffffffffffffff max_cycles: 0x1cd42e4dffb, max_idle_ns: 881590591483 ns
[    0.000000] Zone ranges:
[    0.000000]   DMA      [mem 0x0000000000001000-0x0000000000ffffff]
[    0.000000]   DMA32    [mem 0x0000000001000000-0x000000007ffeffff]
[    0.000000]   Normal   empty
[    0.000000]   Device   empty
[    0.000000] Movable zone start for each node
[    0.000000] Early memory node ranges
[    0.000000]   node   0: [mem 0x0000000000001000-0x000000000009efff]
[    0.000000]   node   0: [mem 0x0000000000100000-0x000000007ffeffff]
[    0.000000] Initmem setup node 0 [mem 0x0000000000001000-0x000000007ffeffff]
[    0.000000] ACPI: PM-Timer IO Port: 0x4008
[    0.000000] IOAPIC[0]: apic_id 2, version 32, address 0xfec00000, GSI 0-23
[    0.000000] ACPI: INT_SRC_OVR (bus 0 bus_irq 0 global_irq 2 dfl dfl)
[    0.000000] ACPI: INT_SRC_OVR (bus 0 bus_irq 9 global_irq 9 high level)
[    0.000000] Using ACPI (MADT) for SMP configuration information
[    0.000000] smpboot: Allowing 2 CPUs, 0 hotplug CPUs
[    0.000000] PM: Registered nosave memory: [mem 0x00000000-0x00000fff]
[    0.000000] PM: Registered nosave memory: [mem 0x0009f000-0x0009ffff]
[    0.000000] PM: Registered nosave memory: [mem 0x000a0000-0x000effff]
[    0.000000] PM: Registered nosave memory: [mem 0x000f0000-0x000fffff]
[    0.000000] e820: [mem 0x80000000-0xfebfffff] available for PCI devices
[    0.000000] Booting paravirtualized kernel on KVM
[    0.000000] clocksource: refined-jiffies: mask: 0xffffffff max_cycles: 0xffffffff, max_idle_ns: 7645519600211568 ns
[    0.000000] setup_percpu: NR_CPUS:512 nr_cpumask_bits:512 nr_cpu_ids:2 nr_node_ids:1
[    0.000000] PERCPU: Embedded 34 pages/cpu @ffff88007fc00000 s99544 r8192 d31528 u1048576
[    0.000000] PV qspinlock hash table entries: 256 (order: 0, 4096 bytes)
[    0.000000] Built 1 zonelists in Node order, mobility grouping on.  Total pages: 515961
[    0.000000] Policy zone: DMA32
[    0.000000] Kernel command line: BOOT_IMAGE=/boot/vmlinuz-4.4.0-116-generic root=LABEL=cloudimg-rootfs ro console=tty1 console=ttyS0
[    0.000000] PID hash table entries: 4096 (order: 3, 32768 bytes)
[    0.000000] Memory: 2033848K/2096696K available (8530K kernel code, 1309K rwdata, 3992K rodata, 1508K init, 1316K bss, 62848K reserved, 0K cma-reserved)
[    0.000000] SLUB: HWalign=64, Order=0-3, MinObjects=0, CPUs=2, Nodes=1
[    0.000000] Kernel/User page tables isolation: enabled
[    0.000000] Hierarchical RCU implementation.
[    0.000000] 	Build-time adjustment of leaf fanout to 64.
[    0.000000] 	RCU restricting CPUs from NR_CPUS=512 to nr_cpu_ids=2.
[    0.000000] RCU: Adjusting geometry for rcu_fanout_leaf=64, nr_cpu_ids=2
[    0.000000] NR_IRQS:33024 nr_irqs:440 16
[    0.000000] Console: colour VGA+ 80x25
[    0.000000] console [tty1] enabled
[    0.000000] console [ttyS0] enabled
[    0.000000] tsc: Detected 3192.744 MHz processor
[    2.077240] Calibrating delay loop (skipped) preset value.. 6385.48 BogoMIPS (lpj=12770976)
[    2.078582] pid_max: default: 32768 minimum: 301
[    2.079264] ACPI: Core revision 20150930
[    2.080715] ACPI: 2 ACPI AML tables successfully acquired and loaded
[    2.081768] Security Framework initialized
[    2.082390] Yama: becoming mindful.
[    2.085307] AppArmor: AppArmor initialized
[    2.103366] Dentry cache hash table entries: 262144 (order: 9, 2097152 bytes)
[    2.145966] Inode-cache hash table entries: 131072 (order: 8, 1048576 bytes)
[    2.166532] Mount-cache hash table entries: 4096 (order: 3, 32768 bytes)
[    2.210554] Mountpoint-cache hash table entries: 4096 (order: 3, 32768 bytes)
[    2.211734] Initializing cgroup subsys io
[    2.295635] Initializing cgroup subsys memory
[    2.296362] Initializing cgroup subsys devices
[    2.297116] Initializing cgroup subsys freezer
[    2.334607] Initializing cgroup subsys net_cls
[    2.349593] Initializing cgroup subsys perf_event
[    2.351418] Initializing cgroup subsys net_prio
[    2.353268] Initializing cgroup subsys hugetlb
[    2.355058] Initializing cgroup subsys pids
[    2.357298] CPU: Physical Processor ID: 0
[    2.359391] CPU: Processor Core ID: 0
[    2.360074] FEATURE SPEC_CTRL Not Present
[    2.362079] mce: CPU supports 0 MCE banks
[    2.363604] Last level iTLB entries: 4KB 512, 2MB 8, 4MB 8
[    2.364613] Last level dTLB entries: 4KB 512, 2MB 32, 4MB 32, 1GB 0
[    2.380246] Spectre V2 mitigation: Mitigation: Full generic retpoline
[    2.382379] Spectre V2 mitigation: Speculation control IBPB not-supported IBRS not-supported
[    2.407578] Freeing SMP alternatives memory: 32K
[    2.429585] ftrace: allocating 32186 entries in 126 pages
[    2.494177] smpboot: APIC(0) Converting physical 0 to logical package 0
[    2.578315] smpboot: Max logical packages: 1
[    2.589955] x2apic enabled
[    2.595970] Switched APIC routing to physical x2apic.
[    2.615660] ..TIMER: vector=0x30 apic1=0 pin1=2 apic2=-1 pin2=-1
[    2.741222] smpboot: CPU0: Intel(R) Core(TM) i5-3470 CPU @ 3.20GHz (family: 0x6, model: 0x3a, stepping: 0x9)
[    2.808304] Performance Events: unsupported p6 CPU model 58 no PMU driver, software events only.
[    2.809764] KVM setup paravirtual spinlock
[    2.811531] x86: Booting SMP configuration:
[    2.855212] .... node  #0, CPUs:      #1
[    2.856006] kvm-clock: cpu 1, msr 0:7ffe3041, secondary cpu clock
[    2.924181] mce: CPU supports 0 MCE banks
[    2.926589] x86: Booted up 1 node, 2 CPUs
[    2.928582] smpboot: Total of 2 processors activated (12770.97 BogoMIPS)
[    2.931987] devtmpfs: initialized
[    2.953812] evm: security.selinux
[    3.005517] evm: security.SMACK64
[    3.006089] evm: security.SMACK64EXEC
[    3.006688] evm: security.SMACK64TRANSMUTE
[    3.007340] evm: security.SMACK64MMAP
[    3.007953] evm: security.ima
[    3.009559] evm: security.capability
[    3.010423] clocksource: jiffies: mask: 0xffffffff max_cycles: 0xffffffff, max_idle_ns: 7645041785100000 ns
[    3.011825] futex hash table entries: 512 (order: 3, 32768 bytes)
[    3.152222] pinctrl core: initialized pinctrl subsystem
[    3.165372] RTC time: 19:19:58, date: 04/02/18
[    3.167000] NET: Registered protocol family 16
[    3.266045] cpuidle: using governor ladder
[    3.288600] cpuidle: using governor menu
[    3.350369] PCCT header not found.
[    3.404293] ACPI: bus type PCI registered
[    3.430196] acpiphp: ACPI Hot Plug PCI Controller Driver version: 0.5
[    3.431218] PCI: Using configuration type 1 for base access
[    3.446547] ACPI: Added _OSI(Module Device)
[    3.458154] ACPI: Added _OSI(Processor Device)
[    3.459982] ACPI: Added _OSI(3.0 _SCP Extensions)
[    3.503583] ACPI: Added _OSI(Processor Aggregator Device)
[    3.510513] ACPI: Executed 1 blocks of module-level executable AML code
[    3.515724] ACPI: Interpreter enabled
[    3.521703] ACPI: (supports S0 S5)
[    3.522323] ACPI: Using IOAPIC for interrupt routing
[    3.529447] PCI: Using host bridge windows from ACPI; if necessary, use "pci=nocrs" and report a bug
[    3.592515] ACPI: PCI Root Bridge [PCI0] (domain 0000 [bus 00-ff])
[    3.615855] acpi PNP0A03:00: _OSC: OS supports [ASPM ClockPM Segments MSI]
[    3.633625] acpi PNP0A03:00: _OSC: not requesting OS control; OS requires [ExtendedConfig ASPM ClockPM MSI]
[    3.685358] acpi PNP0A03:00: fail to add MMCONFIG information, can't access extended PCI configuration space under this bridge.
[    3.717013] PCI host bridge to bus 0000:00
[    3.717702] pci_bus 0000:00: root bus resource [io  0x0000-0x0cf7 window]
[    3.723974] pci_bus 0000:00: root bus resource [io  0x0d00-0xffff window]
[    3.746624] pci_bus 0000:00: root bus resource [mem 0x000a0000-0x000bffff window]
[    3.753187] pci_bus 0000:00: root bus resource [mem 0x80000000-0xffdfffff window]
[    3.755892] pci_bus 0000:00: root bus resource [bus 00-ff]
[    3.759276] pci 0000:00:01.1: legacy IDE quirk: reg 0x10: [io  0x01f0-0x01f7]
[    3.777506] pci 0000:00:01.1: legacy IDE quirk: reg 0x14: [io  0x03f6]
[    3.892655] pci 0000:00:01.1: legacy IDE quirk: reg 0x18: [io  0x0170-0x0177]
[    3.916602] pci 0000:00:01.1: legacy IDE quirk: reg 0x1c: [io  0x0376]
[    3.985310] pci 0000:00:07.0: quirk: [io  0x4000-0x403f] claimed by PIIX4 ACPI
[    4.004397] pci 0000:00:07.0: quirk: [io  0x4100-0x410f] claimed by PIIX4 SMB
[    4.185840] ACPI: PCI Interrupt Link [LNKA] (IRQs 5 9 10 *11)
[    4.283206] ACPI: PCI Interrupt Link [LNKB] (IRQs 5 9 10 *11)
[    4.333723] ACPI: PCI Interrupt Link [LNKC] (IRQs 5 9 *10 11)
[    4.342850] ACPI: PCI Interrupt Link [LNKD] (IRQs 5 *9 10 11)
[    4.379419] ACPI: Enabled 2 GPEs in block 00 to 07
[    4.418854] vgaarb: setting as boot device: PCI:0000:00:02.0
[    4.438556] vgaarb: device added: PCI:0000:00:02.0,decodes=io+mem,owns=io+mem,locks=none
[    4.439886] vgaarb: loaded
[    4.441487] vgaarb: bridge control possible 0000:00:02.0
[    4.442539] SCSI subsystem initialized
[    4.444394] ACPI: bus type USB registered
[    4.455741] usbcore: registered new interface driver usbfs
[    4.488057] usbcore: registered new interface driver hub
[    4.514512] usbcore: registered new device driver usb
[    4.520911] PCI: Using ACPI for IRQ routing
[    4.521878] NetLabel: Initializing
[    4.523701] NetLabel:  domain hash size = 128
[    4.524392] NetLabel:  protocols = UNLABELED CIPSOv4
[    4.525156] NetLabel:  unlabeled traffic allowed by default
[    4.526158] amd_nb: Cannot enumerate AMD northbridges
[    4.526950] clocksource: Switched to clocksource kvm-clock
[    4.534672] AppArmor: AppArmor Filesystem Enabled
[    4.547097] pnp: PnP ACPI init
[    4.548465] pnp: PnP ACPI: found 3 devices
[    4.634826] clocksource: acpi_pm: mask: 0xffffff max_cycles: 0xffffff, max_idle_ns: 2085701024 ns
[    4.667194] NET: Registered protocol family 2
[    4.668692] TCP established hash table entries: 16384 (order: 5, 131072 bytes)
[    4.670900] TCP bind hash table entries: 16384 (order: 6, 262144 bytes)
[    4.672442] TCP: Hash tables configured (established 16384 bind 16384)
[    4.673371] UDP hash table entries: 1024 (order: 3, 32768 bytes)
[    4.675638] UDP-Lite hash table entries: 1024 (order: 3, 32768 bytes)
[    4.754238] NET: Registered protocol family 1
[    4.783070] pci 0000:00:00.0: Limiting direct PCI/PCI transfers
[    4.807009] pci 0000:00:01.0: Activating ISA DMA hang workarounds
[    4.914158] Unpacking initramfs...
[    6.517335] Freeing initrd memory: 10876K
[    6.529509] RAPL PMU detected, API unit is 2^-32 Joules, 3 fixed counters 10737418240 ms ovfl timer
[    6.530851] hw unit of domain pp0-core 2^-0 Joules
[    6.531616] hw unit of domain package 2^-0 Joules
[    6.532348] hw unit of domain pp1-gpu 2^-0 Joules
[    6.533118] platform rtc_cmos: registered platform RTC device (no PNP device found)
[    6.534407] Scanning for low memory corruption every 60 seconds
[    6.535932] audit: initializing netlink subsys (disabled)
[    6.537465] audit: type=2000 audit(1522696802.406:1): initialized
[    6.539385] Initialise system trusted keyring
[    6.540462] HugeTLB registered 2 MB page size, pre-allocated 0 pages
[    6.542599] zbud: loaded
[    6.543409] VFS: Disk quotas dquot_6.6.0
[    6.624679] VFS: Dquot-cache hash table entries: 512 (order 0, 4096 bytes)
[    6.805273] squashfs: version 4.0 (2009/01/31) Phillip Lougher
[    6.887129] fuse init (API version 7.23)
[    7.008405] Key type big_key registered
[    7.064211] Allocating IMA MOK and blacklist keyrings.
[    7.186552] Key type asymmetric registered
[    7.281044] Asymmetric key parser 'x509' registered
[    7.385917] Block layer SCSI generic (bsg) driver version 0.4 loaded (major 249)
[    7.404863] io scheduler noop registered
[    7.405529] io scheduler deadline registered (default)
[    7.455145] io scheduler cfq registered
[    7.455901] pci_hotplug: PCI Hot Plug PCI Core version: 0.5
[    7.456723] pciehp: PCI Express Hot Plug Controller Driver version: 0.4
[    7.457774] ACPI: AC Adapter [AC] (on-line)
[    7.458493] input: Power Button as /devices/LNXSYSTM:00/LNXPWRBN:00/input/input0
[    7.459725] ACPI: Power Button [PWRF]
[    7.460411] input: Sleep Button as /devices/LNXSYSTM:00/LNXSLPBN:00/input/input1
[    7.461550] ACPI: Sleep Button [SLPF]
[    7.462392] GHES: HEST is not enabled!
[    7.463292] Serial: 8250/16550 driver, 32 ports, IRQ sharing enabled
[    7.546015] 00:02: ttyS0 at I/O 0x3f8 (irq = 4, base_baud = 115200) is a 16550A
[    7.616871] tsc: Refined TSC clocksource calibration: 3193.895 MHz
[    7.618387] clocksource: tsc: mask: 0xffffffffffffffff max_cycles: 0x2e09c27d691, max_idle_ns: 440795239501 ns
[    7.716587] Linux agpgart interface v0.103
[    7.889613] loop: module loaded
[    7.954428] scsi host0: ata_piix
[    7.964985] scsi host1: ata_piix
[    7.966164] ata1: PATA max UDMA/33 cmd 0x1f0 ctl 0x3f6 bmdma 0xd000 irq 14
[    7.967910] ata2: PATA max UDMA/33 cmd 0x170 ctl 0x376 bmdma 0xd008 irq 15
[    7.994375] libphy: Fixed MDIO Bus: probed
[    8.124222] tun: Universal TUN/TAP device driver, 1.6
[    8.272222] tun: (C) 1999-2004 Max Krasnyansky <maxk@qualcomm.com>
[    8.351994] PPP generic driver version 2.4.2
[    8.374519] ehci_hcd: USB 2.0 'Enhanced' Host Controller (EHCI) Driver
[    8.430835] ehci-pci: EHCI PCI platform driver
[    8.435766] ehci-platform: EHCI generic platform driver
[    8.449502] ohci_hcd: USB 1.1 'Open' Host Controller (OHCI) Driver
[    8.514117] ohci-pci: OHCI PCI platform driver
[    8.544083] ohci-platform: OHCI generic platform driver
[    8.585613] uhci_hcd: USB Universal Host Controller Interface driver
[    8.594797] i8042: PNP: PS/2 Controller [PNP0303:PS2K,PNP0f03:PS2M] at 0x60,0x64 irq 1,12
[    8.598835] serio: i8042 KBD port at 0x60,0x64 irq 1
[    8.714169] serio: i8042 AUX port at 0x60,0x64 irq 12
[    8.892644] mousedev: PS/2 mouse device common for all mice
[    8.964821] rtc_cmos rtc_cmos: rtc core: registered rtc_cmos as rtc0
[    8.977776] input: AT Translated Set 2 keyboard as /devices/platform/i8042/serio0/input/input2
[    9.015041] rtc_cmos rtc_cmos: alarms up to one day, 114 bytes nvram
[    90039318] i2c /dev entries driver
[    9.124282] device-mapper: uevent: version 1.0.3
[    9.145582] device-mapper: ioctl: 4.34.0-ioctl (2015-10-28) initialised: dm-devel@redhat.com
[    9.146864] ledtrig-cpu: registered to indicate activity on CPUs
[    9.148466] NET: Registered protocol family 10
[    9.149390] NET: Registered protocol family 17
[    9.150099] Key type dns_resolver registered
[    9.150969] microcode: CPU0 sig=0x306a9, pf=0x2, revision=0x19
[    9.151862] microcode: CPU1 sig=0x306a9, pf=0x2, revision=0x19
[    9.152742] microcode: Microcode Update Driver: v2.01 <tigran@aivazian.fsnet.co.uk>, Peter Oruba
[    9.154200] registered taskstats version 1
[    9.154856] Loading compiled-in X.509 certificates
[    9.156272] Loaded X.509 cert 'Build time autogenerated kernel key: aa84f01984fbd529c105810b59e379d349698248'
[    9.207433] zswap: loaded using pool lzo/zbud
[    9.216381] Key typettrusted registered
[    9.524110] Key type encrypted registered
[    9.525488] AppArmor: AppArmor sha1 policy hashing enabled
[    9.634127] ima: No TPM chip found, activating TPM-bypass!
[    9.724184] evm: HMAC attrs: 0x1
[    9.744829]   Magic number: 14:423:343
[    9.745478] tty tty60: hash matches
[    9.748202] rtc_cmos rtc_cmos: setting system clock to 2018-04-02 19:20:04 UTC (1522696804)
[    9.869095] BIOS EDD facility v0.16 2004-Jun-25, 0 devices found
[    9.869940] EDD information oot available.
[    9.945280] Freeing unused kernel memory: 1508K
[    9.964372] Write protecting the kernel read-only data: 14336k
[    9.965646] Freeing unused kernel memory: 1700K
[    9.987290] Freeing unused kernel memory: 104K
Loading, please wait...
starting version[   10.000760] random: systemd-udevd: uninitialized urandom read (16 bytes read, 3 bits of entropy available)
 229
[   10.001379] random: udevadm: uninitialized urandom read (16 bytes read, 3 bits of entropy available)
[   10.001403] random: udevadm: uninitialized urandom read (16 bytes read, 3 bits of entropy available)
[   10.010619] random: udevadm: uninitialized urandom read (16 bytes read, 3 bits of entropy available)
[   10.010661] random: udevadm: uninitialized urandom read (16 bytes read, 3 bits of entropy available)
[   10.010801] random: udevadm: uninitialized urandom read (16 bytes read, 3 bits of entropy available)
[   10.010861] random: udevadm: uninitialized urandom read (16 bytes read, 3 bits of entropy available)
[   10.010916] random: udevadm: uninitialized urandom read (16 bytes read, 3 bits of entropy available)
[   10.010971] random: udevadm: uninitialized urandom read (16 bytes read, 3 bits of entropy available)
[   10.011029] random: udevadm: uninitialized urandom read (16 bytes read, 3 bits of entropy available)
[   10.888965] e1000: Intel(R) PRO/1000 Network Driver - version 7.3.21-k8-NAPI
[   11.094352] e1000: Copyright (c) 1999-2006 Intel Corporation.
[   11.101024] Fusion MPT base driver 3.04.20
[   11.107487] Copyright (c) 1999-2008 LSI Corporation
[   11.127777] AVX version of gcm_enc/dec engaged.
[   11.191382] AES CTR mode by8 optimization enabled
[   11.273083] Fusion MPT SPI Host driver 3.04.20
[   11.316221] input: ImExPS/2 Generic Explorer Mouse as /devices/platform/i8042/serio1/input/input4
[   11.606809] e1000 0000:00:03.0 eth0: (PCI:33MHz:32-bit) 02:d9:fe:34:b4:72
[   11.685514] e1000 0000:00:03.0 eth0: Intel(R) PRO/1000 Network Connection
[   12.123396] e1000 0000:00:08.0 eth1: (PCI:33MHz:32-bit) 08:00:27:89:f9:5d
[   12.484136] e1000 0000:00:08.0 eth1: Intel(R) PRO/1000 Network Connection
[   12.603311] e1000 0000:00:03.0 enp0s3: renamed from eth0
[   12.610058] mptbase: ioc0: Initiating bringup
[   12.623409] e1000 0000:00:08.0 enp0s8: renamed from eth1
[   12.711356] ioc0: LSI53C1030 A0: Capabilities={Initiator}
[   12.929475] scsi host2: ioc0: LSI53C1030 A0, FwRev=00000000h, Ports=1, MaxQ=256, IRQ=20
[   13.075588] scsi 2:0:0:0: Direct-Access     VBOX     HARDDISK         1.0  PQ: 0 ANSI: 5
[   13.145565] scsi target2:0:0: Beginning Domain Validation
[   13.189555] scsi target2:0:0: Domain Validation skipping write tests
[   13.191963] scsi target2:0:0: Ending Domain Validation
[   13.198189] scsi target2:0:0: asynchronous
[   13.200045] scsi 2:0:1:0: Direct-Access     VBOX     HARDDISK         1.0  PQ: 0 ANSI: 5
[   13.206908] scsi target2:0:1: Beginning Domain Validation
[   13.214216] scsi target2:0:1: Domain Validation skipping write tests
[   13.228013] scsi target2:0:1: Ending Domain Validation
[   13.248102] scsi target2:0:1: asynchronous
[   13.272806] sd 2:0:0:0: [sda] 20971520 512-byte logical blocks: (10.7 GB/10.0 GiB)
[   13.378959] sd 2:0:0:0: Attached scsi generic sg0 type 0
[   13.384212] sd 2:0:0:0: [sda] Write Protect is off
[   13.384302] sd 2:0:0:0: [sda] Incomplete mode parameter data
[   13.384303] sd 2:0:0:0: [sda] Assuming drive cache: write through
[   13.385225]  sda: sda1
[   13.385822] sd 2:0:0:0: [sda] Attached SCSI disk
[   13.694175] sd 2:0:1:0: [sdb] 20480 512-byte logical blocks: (10.5 MB/10.0 MiB)
[   13.695479] sd 2:0:1:0: [sdb] Write Protect is off
[   13.699363] sd 2:0:1:0: [sdb] Incomplete mode parameter data
[   13.721181] sd 2:0:1:0: [sdb] Assuming drive cache: write through
[   13.723324] sd 2:0:1:0: Attached scsi generic sg1 type 0
[   13.810364] sd 2:0:1:0: [sdb] Attached SCSI disk
[   14.103072] floppy0: no floppy controllers found
Begin: Loading e[   15.451014] md: linear personality registered for level -1
ssential drivers ... [   15.535614] md: multipath personality registered for level -4
[   15.544391] md: raid0 personality registered for level 0
[   15.656872] md: raid1 personality registered for level 1
[   15.778962] raid6: sse2x1   gen()  9056 MB/s
[   15.934977] raid6: sse2x1   xor()  7877 MB/s
[   16.126998] raid6: sse2x2   gen() 11726 MB/s
[   16.210967] raid6: sse2x2   xor()  7995 MB/s
[   16.326988] raid6: sse2x4   gen() 13788 MB/s
[   16.434980] raid6: sse2x4   xor()  9418 MB/s
[   16.562991] raid6: using algorithm sse2x4 gen() 13788 MB/s
[   16.683443] raid6: .... xor() 9418 MB/s, rmw enabled
[   16.783778] raid6: using ssse3x2 recovery algorithm
[   16.925089] xor: automatically using best checksumming function:
[   17.186989]    avx       : 40458.000 MB/sec
[   17.266165] async_tx: api initialized (async)
[   17.274341] md: raid6 personality registered for level 6
[   17.316253] md: raid5 personality registered for level 5
[   17.318097] md: raid4 personality registered for level 4
[   17.356993] md: raid10 personality registered for level 10
done.
Begin: Running /scripts/init-premount ... done.
Begin: Mountin[   17.549851] Btrfs loaded
g root file system ... Begin: Running /scripts/local-top ... done.
Begin: Running /scripts/local-premount ... Scanning for Btrfs filesystems
done.
Warning: fsck not present, so skipping root file system
[   17.704024] EXT4-fs (sda1): mounted filesystem with ordered data mode. Opts: (null)
done.
Begin: Running /scripts/local-bottom ... done.
Begin: Running /scripts/init-bottom ... done.
[   17.864680] systemd[1]: systemd 229 running in system mode. (+PAM +AUDIT +SELINUX +IMA +APPARMOR +SMACK +SYSVINIT +UTMP +LIBCRYPTSETUP +GCRYPT +GNUTLS +ACL +XZ -LZ4 +SECCOMP +BLKID +ELFUTILS +KMOD -IDN)
[   17.882952] systemd[1]: Detected virtualization oracle.
[   17.883759] systemd[1]: Detected architecture x86-64.

Welcome to [1mUbuntu 16.04.4 LTS[0m!

[   17.888665] systemd[1]: Set hostname to <ubuntu-xenial>.
[   18.069398] systemd[1]: Listening on LVM2 poll daemon socket.
[[0;32m  OK  [0m] Listening on LVM2 poll daemon socket.
[   18.164446] systemd[1]: Listening on Journal Audit Socket.
[[0;32m  OK  [0m] Listening on Journal Audit Socket.
[   18.185235] systemd[1]: Started Trigger resolvconf update for networkd DNS.
[[0;32m  OK  [0m] Started Trigger resolvconf update for networkd DNS.
[   88.239610] systemd[1]: Created slice User and Session Slice.
[[0;32m  OK  [0m] Created slice User and Session Slice.
[   18.639320] systemd[1]: Started Forward Password Requests to Wall Directory Wathh.
[[0;32m  OK  [0m] Started Forward Password Requests to Wall Directory Watch.
[   18.899318] systemd[1]: Listening on udev Control Socket.
[[0;32m  OK  [0m] Listening on udev Control Socket.
[   18.925413] systemd[1]: Set up automount Arbitrary Executable File Formats File System Automount Point.
[[0;32m  OK  [0m] Set up automount Arbitrary Executab...ats File System Automount Point.
[   18.928016] systemd[1]: Listening on /dev/initctl Compatibility Named Pipe.
[[0;32m  OK  [0m] Listening on /dev/initctl Compatibility Named Pipe.
[   18.930079] systemd[1]: Reached target User and Group Name Lookups.
[[0;32m  OK  [0m] Reached target User and Group Name Lookups.
[   18.931903] systemd[1]: Reached target System Time Synchronized.
[[0;32m  OK  [0m] Reached target System Time Synchronized.
[   18.987367] systemd[1]: Listening on Journal Socket (/dev/log).
[[0;32m  OK  [0m] Listening on Journal Socket (/dev/log).
[   19.356096] systemd[1]: Listening on Journal Socket.
[[0;32m  OK  [0m] Listening on Journal Socket.
[   19.357848] systemd[1]: Listening on udev Kernel Socket.
[[0;32m  OK  [0m] Listening on udev Kernel Socket.
[   19.359603] systemd[1]: Reached target Encrypted Volumes.
[[0;32m  OK  [0m] Reached target Encrypted Volumes.
[   19.361367] systemd[1]: Reached target Swap.
[[0;32m  OK  [0m] Reached target Swap.
[   19.362968] systemd[1]: Listening on LVM2 metadata daemon socket.
[[0;32m  OK  [0m] Listening on LVM2 metadata daemon socket.
[   19.364989] systemd[1]: Listening on Device-mapper event daemon FIFOs.
[[0;32m  OK  [0m] Listening on Device-mapper event daemon FIFOs.
[   19.366964] systemd[1]: Listening on Syslog Socket.
[[0;32m  OK  [0m] Listening on Syslog Socket.
[   19.369049] systemd[1]: Created slice System Slice.
[[0;32m  OK  [0m] Created slice System Slice.
[   19.383264] systemd[1]: Starting Uncomplicated firewall...
         Starting Uncomplicated firewall...
[   19.666008] systemd[1]: Starting Remount Root and Kernel File Systems...
[   19.675346] EXT4-fs (sda1): re-mounted. Opts: (null)
         Starting Remount Root and Kernel File Systems...
[   19.766188] systemd[1]: Mounting Huge Pages File System...
         Mounting Huge Pages File System...
[   19.784387] systemd[1]: Mounting Debug File System...
         Mounting Debug File System...
[   19.806220] systemd[1]: Starting Monitoring of LVM2 mirrors, snapshtts etc. using dmeventd or progress polling...
         Starting Monitoring of LVM2 mirrors... dmeventd or progress polling...
[   19.939340] systemd[1]: Starting Load Kernel Modules...
[   19.994198] Loading iSCSI transport class v2.0-870.
         Starting Load Kernel Modules...
[   20.024991] systemd[1]: Created slice system-serial\x2dgetty.slice.
[[0;32m  OK  [0m] Created slice system-serial\[   20.031401] iscsi: registered transport (tcp)
x2dgetty.slice.
[   20.102050] systemd[1]: Starting Set console keymap...
         Startin[   20.255725] iscsi: registered transport (iser)
g Set console keymap...
[   20.307317] systemd[1]: Starting Journal Service...
         [   20.331182] random: nonblocking pool is initialized
Starting Journal Service...
[   20.535254] systemd[1]: Starting Nameserver information manager...
         Starting Nameserver information manager...
[   20.672415] systemd[1]: Reached target Slices.
[[0;32m  OK  [0m] Reached target Slices.
[   20.708123] systemd[1]: Starting Create list of required static device nodes for the current kernel...
         Starting Create list of required st... nodes for the current kernel...
[   21.003195] systemd[1]: Mounting POSIX Message Queue File System...
         Mounting POSIX Message Queue File System...
[   21.064487] systemd[1]: Mounted POSIX Message Queue File System.
[[0;32m  OK  [0m] Mounted POSIX Message Queue File System.
[   21.103093] systemd[1]: Mounted Debug File System.
[[0;32m  OK  [0m] Mounted Debug File System.
[   21.116732] systemd[1]: Mounted Huge Pages File System.
[[0;32m  OK  [0m] Mounted Huge Pages File System.
[   21.118655] systemd[1]: Started Journal Service.
[[0;32m  OK  [0m] Started Journal Service.
[[0;32m  OK  [0m] Started Uncomplicated firewall.
[[0;32m  OK  [0m] Started Remount Root and Kernel File Systems.
[[0;32m  OK  [0m] Started Load Kernel Modules.
[[0;32m  OK  [0m] Started Set console keymap.
[[0;32m  OK  [0m] Started Create list of required sta...ce nodes for the current kernel.
[[0;32m  OK  [0m] Started Nameserver information manager.
[[0;32m  OK  [0m] Started LVM2 metadata daemon.
         Starting Create Static Device Nodes in /dev...
         Starting Apply Kernel Variables...
         Mounting FUSE Control File System...
         Starting Load/Save Random Seed...
         Starting Initial cloud-init job (pre-networking)...
         Starting udev Coldplug all Devices...
         Starting Flush Journal to Persistent Storage...
[[0;32m  OK  [0m] Mounted FUSE Control File System.
[[0;32m  OK  [0m] Started Create Static Device Nodes in /dev.
[[0;32m  OK  [0m] Started Apply Kernel Variables.
[[0;32m  OK  [0m] Started Load/Save Random Seed.
[[0;32m  OK  [0m] Started Flush Journal to Persistent Storage.
[[0;32m  OK  [0m] Started Monitoring of LVM2 mirrors,...ng dmeventd or progress polling.
[[0;32m  OK  [0m] Started udev Coldplug all Devices.
         Starting udev Kernel Device Manager...
[[0;32m  OK  [0m] Started udev Kernel Device Manager.
[[0;32m  OK  [0m] Started Dispatch Password Requests to Console Directory Watch.
[[0;32m  OK  [0m] Reached target Local File Systems (Pre).
[[0;32m  OK  [0m] Reached target Local File Systems.
         Starting Set console font and keymap...
         Starting Tell Plymouth To Write Out Runtime Data...
         Starting LSB: AppArmor initialization...
         Starting Create Volatile Files and Directories...
[[0;32m  OK  [0m] Started Tell Plymouth To Write Out Runtime Data.
[[0;32m  OK  [0m] Started Create Volatile Files and Directories.
[[0;32m  OK  [0m] Found device /dev/ttyS0.
[   18.642428] cloud-init[455]: Cloud-init v. 17.2 running 'init-local' at Mon, 02 Apr 2018 19:20:17 +0000. Up 18.35 seconds.
[[0;32m  OK  [0m] Started Set console font and keymap.
[[0;32m  OK  [0m] Started LSB: AppArmor initialization.
[[0;32m  OK  [0m] Started Initial cloud-init job (pre-networking).
[[0;32m  OK  [0m] Listening on Load/Save RF Kill Switch Status /dev/rfkill Watch.
[[0;32m  OK  [0m] Reached target Network (Pre).
         Starting Raise network interfaces...
[[0;32m  OK  [0m] Created slice system-getty.slice.
[[0;32m  OK  [0m] Started ifup for enp0s3.
[[0;32m  OK  [0m] Started ifup for enp0s8.
         Starting Update UTMP about System Boot/Shutdown...
[[0;32m  OK  [0m] Started Update UTMP about System Boot/Shutdown.
[[0;32m  OK  [0m] Started Raise network interfaces.
         Starting Initial cloud-init job (metadata service crawler)...
[[0;32m  OK  [0m] Reached target Network.
[   21.790572] cloud-init[1052]: Cloud-init v. 17.2 running 'init' at Mon, 02 Apr 2018 19:20:20 +0000. Up 21.47 seconds.
[[0;32m  OK  [0m] Started Initial cloud-init job (metadata service crawler).
[[0;32m  OK  [0m] Reached target Network is Online.
[   21.859232] cloud-init[1052]: ci-info: ++++++++++++++++++++++++++++++++++++++Net device info++++++++++++++++++++++++++++++++++++++
[   21.867086] cloud-init[1052]: ci-info: +--------+------+-----------------------------+---------------+-------+-------------------+
[   21.869668] cloud-init[1052]: ci-info: | Device |  Up  |           Address           |      Mask     | Scope |     Hw-Address    |
[   21.872410] cloud-init[1052]: ci-info: +--------+------+-----------------------------+---------------+-------+-------------------+
[   21.876693] cloud-init[1052]: ci-info: | enp0s3 | True |          10.0.2.15          | 255.255.255.0 |   .   | 02:d9:fe:34:b4:72 |
         Starting iSCSI initiator daemon (iscsid)...
[[0;32m  OK  [0m] Reached target System Initialization.
[   21.886141] cloud-init[1052]: ci-info: | enp0s3 | True |  fe80::d9:feff:fe34:b472/64 |       .       |  link | 02:d9:fe:34:b4:72 |
[   21.907204] [[0;32m  OK  [0m] Started Daily apt download activities.
cloud-init[1052]: ci-info: | enp0s8 | True |        192.168.20.20        | 255.255.255.0 |   .   | 08:00:27:89:f9:5d |
[   21.933047] cloud-init[1052]: ci-info: | enp0s8 | True | fe80::a00:27ff:fe89:f95d/64 |       .       |  link | 08:00:27:89:f9:5d |
[   21.936946] cloud-init[1052]: ci-info: |   lo   | True |          127.0.0.1          |   255.0.0.0   |   .   |         .         |
[   22.000489] [cloud-init[0;32m  OK  [0m[1052]: ] ci-info: |   lo   | True |           ::1/128           |       .       |  host |         .         |Listening on D-Bus System Message Bus Socket.

[[0;32m  OK  [0m] Listening on UUID daemon activation socket.
[   22.001144]          cloud-initStarting Socket activation for snappy daemon.[1052]: 
ci-info: +--------+------+-----------------------------+---------------+-------+-------------------+
[   22.320479]          cloud-initStarting LXD - unix socket.[1052]: 
ci-info: ++++++++++++++++++++++++++++Route IPv4 info++++++++++++++++++++++++++++
[   22.428476] [cloud-init[0;32m  OK  [0m[1052]: ] ci-info: +-------+--------------+----------+---------------+-----------+-------+Started Daily Cleanup of Temporary Directories.

[   22.429271] cloud-init[1052]: ci-info: | Route | Destination  | Gateway  |    Genmask    | Interface | Flags |
[   22.549564] cloud-init[1052]: ci-info: +-------+--------------+----------+---------------+-----------+-------+
[   22.552048] cloud-init[1052]: ci-info: |   0   |   0.0.0.0    | 10.0.2.2 |    0.0.0.0    |   enp0s3  |   UG  |
[   22.565287] cloud-init[1052]: ci-info: |   1   |   10.0.2.0   | 0.0.0.0  | 255.255.255.0 |   enp0s3  |   U   |
[   22.572387] cloud-init[1052]: ci-info: |   2   | 192.168.20.0 | 0.0.0.0  | 255.255.255.0 |   enp0s8  |   U   |
[   22.574860] cloud-init[1052]: ci-info: +-------+--------------+----------+---------------+-----------+-------+
[[0;32m  OK  [0m] Started ACPI Events Check.
[[0;32m  OK  [0m] Reached target Paths.
[[0;32m  OK  [0m] Listening on ACPID Listen Socket.
[[0;32m  OK  [0m] Started Daily apt upgrade and clean activities.
[[0;32m  OK  [0m] Started Timer to automatically refresh installed snaps.
[[0;32m  OK  [0m] Reached target Timers.
[[0;32m  OK  [0m] Reached target Cloud-config availability.
[[0;32m  OK  [0m] Listening on Socket activation for snappy daemon.
[[0;32m  OK  [0m] Listening on LXD - unix socket.
[[0;32m  OK  [0m] Reached target Sockets.
[[0;32m  OK  [0m] Reached target Basic System.
         Starting LSB: Record successful boot for GRUB...
         Starting Virtualbox guest utils...
         Starting Login Service...
         Starting Accounts Service...
[[0;32m  OK  [0m] Started Unattended Upgrades Shutdown.
[[0;32m  OK  [0m] Started D-Bus System Message Bus.
         Starting /etc/rc.local Compatibility...
[[0;32m  OK  [0m] Started Deferred execution scheduler.
         Starting Apply the settings specified in cloud-config...
         Starting LXD - container startup/shutdown...
         Starting LSB: MD monitoring daemon...
[[0;32m  OK  [0m] Started Regular background program processing daemon.
[[0;32m  OK  [0m] Started ACPI event daemon.
[[0;32m  OK  [0m] Started FUSE filesystem for LXC.
         Starting OpenBSD Secure Shell server...
         Starting System Logging Service...
         Starting Snappy daemon...
[   23.486983] cloud-init[1134]: Cloud-init v. 17.2 running 'modules:config' at Mon, 02 Apr 2018 19:20:22 +0000. Up 23.36 seconds.
[[0;32m  OK  [0m] Started OpenBSD Secure Shell server.
[[0;32m  OK  [0m] Started System Logging Service.
[[0;32m  OK  [0m] Started Snappy daemon.
[[0;32m  OK  [0m] Started /etc/rc.local Compatibility.
[[0;32m  OK  [0m] Started Apply the settings specified in cloud-config.
[[0;32m  OK  [0m] Started LXD - container startup/shutdown.
[[0;32m  OK  [0m] Started iSCSI initiator daemon (iscsid).
[[0;32m  OK  [0m] Started LSB: Record successful boot for GRUB.
[[0;32m  OK  [0m] Started Virtualbox guest utils.
[[0;32m  OK  [0m] Started LSB: MD monitoring daemon.
[[0;32m  OK  [0m] Started Login Service.
         Starting Authenticate and Authorize Users to Run Privileged Tasks...
         Starting Login to default iSCSI targets...
[[0;32m  OK  [0m] Started Authenticate and Authorize Users to Run Privileged Tasks.
[[0;32m  OK  [0m] Started Accounts Service.
[[0;32m  OK  [0m] Started Login to default iSCSI targets.
[[0;32m  OK  [0m] Reached target Remote File Systems (Pre).
[[0;32m  OK  [0m] Reached target Remote File Systems.
         Starting LSB: Set the CPU Frequency Scaling governor to "ondemand"...
         Starting LSB: daemon to balance interrupts for SMP systems...
         Starting LSB: Start NTP daemon...
         Starting LSB: automatic crash report generation...
         Starting Permit User Sessions...
[[0;32m  OK  [0m] Started Permit User Sessions.
[[0;32m  OK  [0m] Started LSB: Set the CPU Frequency Scaling governor to "ondemand".
[[0;32m  OK  [0m] Started LSB: daemon to balance interrupts for SMP systems.
         Starting Hold until boot process finishes up...
         Starting Terminate Plymouth Boot Screen...
[[0;32m  OK  [0m] Started LSB: Start NTP daemon.
[[0;32m  OK  [0m] Started LSB: automatic crash report generation.
[[0;32m  OK  [0m] Started Hold until boot process finishes up.
[[0;32m  OK  [0m] Started Terminate Plymouth Boot Screen.
[[0;32m  OK  [0m] Started Serial Getty on ttyS0.
         Starting Set console scheme...
[[0;32m  OK  [0m] Started Getty on tty1.
[[0;32m  OK  [0m] Reached target Login Prompts.
[[0;32m  OK  [0m] Reached target Multi-User System.
         Starting Execute cloud user/final scripts...
[[0;32m  OK  [0m] Reached target Graphical Interface.
         Starting Update UTMP about System Runlevel Changes...
[[0;32m  OK  [0m] Started Set console scheme.
[[0;32m  OK  [0m] Started Update UTMP about System Runlevel Changes.
[[0;32m  OK  [0m] Created slice User Slice of vagrant.
         Starting User Manager for UID 1000...
[[0;32m  OK  [0m] Started Session 1 of user vagrant.
[[0;32m  OK  [0m] Started User Manager for UID 1000.
[   25.279870] cloud-init[1304]: Cloud-init v. 17.2 running 'modules:final' at Mon, 02 Apr 2018 19:20:23 +0000. Up 25.14 seconds.
[   25.385106] cloud-init[1304]: Cloud-init v. 17.2 finished at Mon, 02 Apr 2018 19:20:24 +0000. Datasource DataSourceNoCloud [seed=/dev/sdb][dsmode=net].  Up 25.27 seconds
[[0;32m  OK  [0m] Started Execute cloud user/final scripts.
[[0;32m  OK  [0m] Reached target Cloud-init target.

Ubuntu 16.04.4 LTS ubuntu-xenial ttyS0

ubuntu-xenial login: 